2018-04-19 16:05:46.414  INFO 100628 --- [main] com.wheatek.plan.PlanApplicationTests    : Starting PlanApplicationTests on MS-F0133-SH1SW with PID 100628 (started by yingjing.liu in D:\rgk_project_info_system\ProjectPlan)
2018-04-19 16:05:46.416  INFO 100628 --- [main] com.wheatek.plan.PlanApplicationTests    : No active profile set, falling back to default profiles: default
2018-04-19 16:05:46.944  INFO 100628 --- [main] o.s.w.c.s.GenericWebApplicationContext   : Refreshing org.springframework.web.context.support.GenericWebApplicationContext@1f9e9475: startup date [Thu Apr 19 16:05:46 CST 2018]; root of context hierarchy
2018-04-19 16:05:52.483  INFO 100628 --- [main] trationDelegate$BeanPostProcessorChecker : Bean 'org.springframework.transaction.annotation.ProxyTransactionManagementConfiguration' of type [org.springframework.transaction.annotation.ProxyTransactionManagementConfiguration$$EnhancerBySpringCGLIB$$40a4a1b4] is not eligible for getting processed by all BeanPostProcessors (for example: not eligible for auto-proxying)
2018-04-19 16:05:53.986  INFO 100628 --- [main] o.s.w.s.handler.SimpleUrlHandlerMapping  : Mapped URL path [/**/favicon.ico] onto handler of type [class org.springframework.web.servlet.resource.ResourceHttpRequestHandler]
2018-04-19 16:05:54.878  INFO 100628 --- [main] s.w.s.m.m.a.RequestMappingHandlerAdapter : Looking for @ControllerAdvice: org.springframework.web.context.support.GenericWebApplicationContext@1f9e9475: startup date [Thu Apr 19 16:05:46 CST 2018]; root of context hierarchy
2018-04-19 16:05:55.171  INFO 100628 --- [main] s.w.s.m.m.a.RequestMappingHandlerMapping : Mapped "{[/]}" onto public java.lang.String com.wheatek.plan.controller.FrontController.index(org.springframework.ui.Model)
2018-04-19 16:05:55.172  INFO 100628 --- [main] s.w.s.m.m.a.RequestMappingHandlerMapping : Mapped "{[/index.html]}" onto public java.lang.String com.wheatek.plan.controller.FrontController.index2(org.springframework.ui.Model)
2018-04-19 16:05:55.172  INFO 100628 --- [main] s.w.s.m.m.a.RequestMappingHandlerMapping : Mapped "{[/index]}" onto public java.lang.String com.wheatek.plan.controller.FrontController.index3(org.springframework.ui.Model)
2018-04-19 16:05:55.172  INFO 100628 --- [main] s.w.s.m.m.a.RequestMappingHandlerMapping : Mapped "{[/login]}" onto public java.lang.String com.wheatek.plan.controller.FrontController.loginUser()
2018-04-19 16:05:55.172  INFO 100628 --- [main] s.w.s.m.m.a.RequestMappingHandlerMapping : Mapped "{[/501]}" onto public java.lang.String com.wheatek.plan.controller.FrontController.errorPage()
2018-04-19 16:05:55.174  INFO 100628 --- [main] s.w.s.m.m.a.RequestMappingHandlerMapping : Mapped "{[/error]}" onto public org.springframework.http.ResponseEntity<java.util.Map<java.lang.String, java.lang.Object>> org.springframework.boot.autoconfigure.web.servlet.error.BasicErrorController.error(javax.servlet.http.HttpServletRequest)
2018-04-19 16:05:55.175  INFO 100628 --- [main] s.w.s.m.m.a.RequestMappingHandlerMapping : Mapped "{[/error],produces=[text/html]}" onto public org.springframework.web.servlet.ModelAndView org.springframework.boot.autoconfigure.web.servlet.error.BasicErrorController.errorHtml(javax.servlet.http.HttpServletRequest,javax.servlet.http.HttpServletResponse)
2018-04-19 16:05:55.203  INFO 100628 --- [main] o.s.w.s.handler.SimpleUrlHandlerMapping  : Mapped URL path [/webjars/**] onto handler of type [class org.springframework.web.servlet.resource.ResourceHttpRequestHandler]
2018-04-19 16:05:55.203  INFO 100628 --- [main] o.s.w.s.handler.SimpleUrlHandlerMapping  : Mapped URL path [/**] onto handler of type [class org.springframework.web.servlet.resource.ResourceHttpRequestHandler]
2018-04-19 16:05:56.043  INFO 100628 --- [main] o.s.l.c.support.AbstractContextSource    : Property 'userDn' not set - anonymous context will be used for read-write operations
2018-04-19 16:05:57.980  INFO 100628 --- [main] o.s.w.s.v.f.FreeMarkerConfigurer         : ClassTemplateLoader for Spring macros added to FreeMarker configuration
2018-04-19 16:06:00.023  INFO 100628 --- [main] com.wheatek.plan.PlanApplicationTests    : Started PlanApplicationTests in 16.38 seconds (JVM running for 20.712)
2018-04-19 16:06:02.746  INFO 100628 --- [main] com.zaxxer.hikari.HikariDataSource       : HikariPool-1 - Starting...
2018-04-19 16:06:04.468  INFO 100628 --- [main] com.zaxxer.hikari.HikariDataSource       : HikariPool-1 - Start completed.
2018-04-19 16:06:04.590  INFO 100628 --- [main] o.s.t.c.transaction.TransactionContext   : Began transaction (1) for test context [DefaultTestContext@38afe297 testClass = PlanApplicationTests, testInstance = com.wheatek.plan.PlanApplicationTests@3f1a4795, testMethod = test2@PlanApplicationTests, testException = [null], mergedContextConfiguration = [WebMergedContextConfiguration@2df3b89c testClass = PlanApplicationTests, locations = '{}', classes = '{class com.wheatek.plan.PlanApplication}', contextInitializerClasses = '[]', activeProfiles = '{}', propertySourceLocations = '{}', propertySourceProperties = '{org.springframework.boot.test.context.SpringBootTestContextBootstrapper=true}', contextCustomizers = set[org.springframework.boot.test.context.filter.ExcludeFilterContextCustomizer@fe18270, org.springframework.boot.test.json.DuplicateJsonObjectContextCustomizerFactory$DuplicateJsonObjectContextCustomizer@5123a213, org.springframework.boot.test.mock.mockito.MockitoContextCustomizer@0, org.springframework.boot.test.web.client.TestRestTemplateContextCustomizer@382db087, org.springframework.boot.test.autoconfigure.properties.PropertyMappingContextCustomizer@0, org.springframework.boot.test.autoconfigure.web.servlet.WebDriverContextCustomizerFactory$Customizer@50de0926], resourceBasePath = 'src/main/webapp', contextLoader = 'org.springframework.boot.test.context.SpringBootContextLoader', parent = [null]], attributes = map['org.springframework.test.context.web.ServletTestExecutionListener.activateListener' -> true, 'org.springframework.test.context.web.ServletTestExecutionListener.populatedRequestContextHolder' -> true, 'org.springframework.test.context.web.ServletTestExecutionListener.resetRequestContextHolder' -> true]]; transaction manager [org.springframework.jdbc.datasource.DataSourceTransactionManager@6a6f6c7e]; rollback [true]
2018-04-19 16:06:04.663  INFO 100628 --- [main] o.s.t.c.transaction.TransactionContext   : Rolled back transaction for test: [DefaultTestContext@38afe297 testClass = PlanApplicationTests, testInstance = com.wheatek.plan.PlanApplicationTests@3f1a4795, testMethod = test2@PlanApplicationTests, testException = java.lang.ArithmeticException: / by zero, mergedContextConfiguration = [WebMergedContextConfiguration@2df3b89c testClass = PlanApplicationTests, locations = '{}', classes = '{class com.wheatek.plan.PlanApplication}', contextInitializerClasses = '[]', activeProfiles = '{}', propertySourceLocations = '{}', propertySourceProperties = '{org.springframework.boot.test.context.SpringBootTestContextBootstrapper=true}', contextCustomizers = set[org.springframework.boot.test.context.filter.ExcludeFilterContextCustomizer@fe18270, org.springframework.boot.test.json.DuplicateJsonObjectContextCustomizerFactory$DuplicateJsonObjectContextCustomizer@5123a213, org.springframework.boot.test.mock.mockito.MockitoContextCustomizer@0, org.springframework.boot.test.web.client.TestRestTemplateContextCustomizer@382db087, org.springframework.boot.test.autoconfigure.properties.PropertyMappingContextCustomizer@0, org.springframework.boot.test.autoconfigure.web.servlet.WebDriverContextCustomizerFactory$Customizer@50de0926], resourceBasePath = 'src/main/webapp', contextLoader = 'org.springframework.boot.test.context.SpringBootContextLoader', parent = [null]], attributes = map['org.springframework.test.context.web.ServletTestExecutionListener.activateListener' -> true, 'org.springframework.test.context.web.ServletTestExecutionListener.populatedRequestContextHolder' -> true, 'org.springframework.test.context.web.ServletTestExecutionListener.resetRequestContextHolder' -> true]]
2018-04-19 16:06:04.666  WARN 100628 --- [main] com.wheatek.plan.service.UserService     : get by ----------------
2018-04-19 16:06:04.730  INFO 100628 --- [Thread-3] o.s.w.c.s.GenericWebApplicationContext   : Closing org.springframework.web.context.support.GenericWebApplicationContext@1f9e9475: startup date [Thu Apr 19 16:05:46 CST 2018]; root of context hierarchy
2018-04-19 16:06:04.734  INFO 100628 --- [Thread-3] com.zaxxer.hikari.HikariDataSource       : HikariPool-1 - Shutdown initiated...
2018-04-19 16:06:04.741  INFO 100628 --- [Thread-3] com.zaxxer.hikari.HikariDataSource       : HikariPool-1 - Shutdown completed.
2018-04-19 16:08:28.031  INFO 103344 --- [main] com.wheatek.plan.PlanApplicationTests    : Starting PlanApplicationTests on MS-F0133-SH1SW with PID 103344 (started by yingjing.liu in D:\rgk_project_info_system\ProjectPlan)
2018-04-19 16:08:28.033  INFO 103344 --- [main] com.wheatek.plan.PlanApplicationTests    : No active profile set, falling back to default profiles: default
2018-04-19 16:08:28.062  INFO 103344 --- [main] o.s.w.c.s.GenericWebApplicationContext   : Refreshing org.springframework.web.context.support.GenericWebApplicationContext@4c163e3: startup date [Thu Apr 19 16:08:28 CST 2018]; root of context hierarchy
2018-04-19 16:08:29.128  INFO 103344 --- [main] trationDelegate$BeanPostProcessorChecker : Bean 'org.springframework.transaction.annotation.ProxyTransactionManagementConfiguration' of type [org.springframework.transaction.annotation.ProxyTransactionManagementConfiguration$$EnhancerBySpringCGLIB$$91fc1e25] is not eligible for getting processed by all BeanPostProcessors (for example: not eligible for auto-proxying)
2018-04-19 16:08:29.753  INFO 103344 --- [main] o.s.w.s.handler.SimpleUrlHandlerMapping  : Mapped URL path [/**/favicon.ico] onto handler of type [class org.springframework.web.servlet.resource.ResourceHttpRequestHandler]
2018-04-19 16:08:30.061  INFO 103344 --- [main] s.w.s.m.m.a.RequestMappingHandlerAdapter : Looking for @ControllerAdvice: org.springframework.web.context.support.GenericWebApplicationContext@4c163e3: startup date [Thu Apr 19 16:08:28 CST 2018]; root of context hierarchy
2018-04-19 16:08:30.129  INFO 103344 --- [main] s.w.s.m.m.a.RequestMappingHandlerMapping : Mapped "{[/]}" onto public java.lang.String com.wheatek.plan.controller.FrontController.index(org.springframework.ui.Model)
2018-04-19 16:08:30.130  INFO 103344 --- [main] s.w.s.m.m.a.RequestMappingHandlerMapping : Mapped "{[/index.html]}" onto public java.lang.String com.wheatek.plan.controller.FrontController.index2(org.springframework.ui.Model)
2018-04-19 16:08:30.131  INFO 103344 --- [main] s.w.s.m.m.a.RequestMappingHandlerMapping : Mapped "{[/index]}" onto public java.lang.String com.wheatek.plan.controller.FrontController.index3(org.springframework.ui.Model)
2018-04-19 16:08:30.131  INFO 103344 --- [main] s.w.s.m.m.a.RequestMappingHandlerMapping : Mapped "{[/login]}" onto public java.lang.String com.wheatek.plan.controller.FrontController.loginUser()
2018-04-19 16:08:30.131  INFO 103344 --- [main] s.w.s.m.m.a.RequestMappingHandlerMapping : Mapped "{[/501]}" onto public java.lang.String com.wheatek.plan.controller.FrontController.errorPage()
2018-04-19 16:08:30.132  INFO 103344 --- [main] s.w.s.m.m.a.RequestMappingHandlerMapping : Mapped "{[/error]}" onto public org.springframework.http.ResponseEntity<java.util.Map<java.lang.String, java.lang.Object>> org.springframework.boot.autoconfigure.web.servlet.error.BasicErrorController.error(javax.servlet.http.HttpServletRequest)
2018-04-19 16:08:30.133  INFO 103344 --- [main] s.w.s.m.m.a.RequestMappingHandlerMapping : Mapped "{[/error],produces=[text/html]}" onto public org.springframework.web.servlet.ModelAndView org.springframework.boot.autoconfigure.web.servlet.error.BasicErrorController.errorHtml(javax.servlet.http.HttpServletRequest,javax.servlet.http.HttpServletResponse)
2018-04-19 16:08:30.158  INFO 103344 --- [main] o.s.w.s.handler.SimpleUrlHandlerMapping  : Mapped URL path [/webjars/**] onto handler of type [class org.springframework.web.servlet.resource.ResourceHttpRequestHandler]
2018-04-19 16:08:30.159  INFO 103344 --- [main] o.s.w.s.handler.SimpleUrlHandlerMapping  : Mapped URL path [/**] onto handler of type [class org.springframework.web.servlet.resource.ResourceHttpRequestHandler]
2018-04-19 16:08:30.294  INFO 103344 --- [main] o.s.l.c.support.AbstractContextSource    : Property 'userDn' not set - anonymous context will be used for read-write operations
2018-04-19 16:08:30.401  INFO 103344 --- [main] o.s.w.s.v.f.FreeMarkerConfigurer         : ClassTemplateLoader for Spring macros added to FreeMarker configuration
2018-04-19 16:08:31.347  INFO 103344 --- [main] com.wheatek.plan.PlanApplicationTests    : Started PlanApplicationTests in 3.618 seconds (JVM running for 4.41)
2018-04-19 16:08:31.472  INFO 103344 --- [main] com.zaxxer.hikari.HikariDataSource       : HikariPool-1 - Starting...
2018-04-19 16:08:32.514  INFO 103344 --- [main] com.zaxxer.hikari.HikariDataSource       : HikariPool-1 - Start completed.
2018-04-19 16:08:32.591  INFO 103344 --- [main] o.s.t.c.transaction.TransactionContext   : Began transaction (1) for test context [DefaultTestContext@6b2ea799 testClass = PlanApplicationTests, testInstance = com.wheatek.plan.PlanApplicationTests@440e3ce6, testMethod = test2@PlanApplicationTests, testException = [null], mergedContextConfiguration = [WebMergedContextConfiguration@411f53a0 testClass = PlanApplicationTests, locations = '{}', classes = '{class com.wheatek.plan.PlanApplication}', contextInitializerClasses = '[]', activeProfiles = '{}', propertySourceLocations = '{}', propertySourceProperties = '{org.springframework.boot.test.context.SpringBootTestContextBootstrapper=true}', contextCustomizers = set[org.springframework.boot.test.context.filter.ExcludeFilterContextCustomizer@27f723, org.springframework.boot.test.json.DuplicateJsonObjectContextCustomizerFactory$DuplicateJsonObjectContextCustomizer@44c8afef, org.springframework.boot.test.mock.mockito.MockitoContextCustomizer@0, org.springframework.boot.test.web.client.TestRestTemplateContextCustomizer@757942a1, org.springframework.boot.test.autoconfigure.properties.PropertyMappingContextCustomizer@0, org.springframework.boot.test.autoconfigure.web.servlet.WebDriverContextCustomizerFactory$Customizer@1d371b2d], resourceBasePath = 'src/main/webapp', contextLoader = 'org.springframework.boot.test.context.SpringBootContextLoader', parent = [null]], attributes = map['org.springframework.test.context.web.ServletTestExecutionListener.activateListener' -> true, 'org.springframework.test.context.web.ServletTestExecutionListener.populatedRequestContextHolder' -> true, 'org.springframework.test.context.web.ServletTestExecutionListener.resetRequestContextHolder' -> true]]; transaction manager [org.springframework.jdbc.datasource.DataSourceTransactionManager@3e67f5f2]; rollback [true]
2018-04-19 16:08:32.680  INFO 103344 --- [main] o.s.t.c.transaction.TransactionContext   : Rolled back transaction for test: [DefaultTestContext@6b2ea799 testClass = PlanApplicationTests, testInstance = com.wheatek.plan.PlanApplicationTests@440e3ce6, testMethod = test2@PlanApplicationTests, testException = java.lang.ArithmeticException: / by zero, mergedContextConfiguration = [WebMergedContextConfiguration@411f53a0 testClass = PlanApplicationTests, locations = '{}', classes = '{class com.wheatek.plan.PlanApplication}', contextInitializerClasses = '[]', activeProfiles = '{}', propertySourceLocations = '{}', propertySourceProperties = '{org.springframework.boot.test.context.SpringBootTestContextBootstrapper=true}', contextCustomizers = set[org.springframework.boot.test.context.filter.ExcludeFilterContextCustomizer@27f723, org.springframework.boot.test.json.DuplicateJsonObjectContextCustomizerFactory$DuplicateJsonObjectContextCustomizer@44c8afef, org.springframework.boot.test.mock.mockito.MockitoContextCustomizer@0, org.springframework.boot.test.web.client.TestRestTemplateContextCustomizer@757942a1, org.springframework.boot.test.autoconfigure.properties.PropertyMappingContextCustomizer@0, org.springframework.boot.test.autoconfigure.web.servlet.WebDriverContextCustomizerFactory$Customizer@1d371b2d], resourceBasePath = 'src/main/webapp', contextLoader = 'org.springframework.boot.test.context.SpringBootContextLoader', parent = [null]], attributes = map['org.springframework.test.context.web.ServletTestExecutionListener.activateListener' -> true, 'org.springframework.test.context.web.ServletTestExecutionListener.populatedRequestContextHolder' -> true, 'org.springframework.test.context.web.ServletTestExecutionListener.resetRequestContextHolder' -> true]]
2018-04-19 16:08:32.683  WARN 103344 --- [main] com.wheatek.plan.service.UserService     : get by ----------------
2018-04-19 16:08:32.737  INFO 103344 --- [Thread-3] o.s.w.c.s.GenericWebApplicationContext   : Closing org.springframework.web.context.support.GenericWebApplicationContext@4c163e3: startup date [Thu Apr 19 16:08:28 CST 2018]; root of context hierarchy
2018-04-19 16:08:32.741  INFO 103344 --- [Thread-3] com.zaxxer.hikari.HikariDataSource       : HikariPool-1 - Shutdown initiated...
2018-04-19 16:08:32.761  INFO 103344 --- [Thread-3] com.zaxxer.hikari.HikariDataSource       : HikariPool-1 - Shutdown completed.
2018-04-19 16:08:58.070  INFO 102848 --- [main] com.wheatek.plan.PlanApplicationTests    : Starting PlanApplicationTests on MS-F0133-SH1SW with PID 102848 (started by yingjing.liu in D:\rgk_project_info_system\ProjectPlan)
2018-04-19 16:08:58.072  INFO 102848 --- [main] com.wheatek.plan.PlanApplicationTests    : No active profile set, falling back to default profiles: default
2018-04-19 16:08:58.100  INFO 102848 --- [main] o.s.w.c.s.GenericWebApplicationContext   : Refreshing org.springframework.web.context.support.GenericWebApplicationContext@1807f5a7: startup date [Thu Apr 19 16:08:58 CST 2018]; root of context hierarchy
2018-04-19 16:08:59.213  INFO 102848 --- [main] trationDelegate$BeanPostProcessorChecker : Bean 'org.springframework.transaction.annotation.ProxyTransactionManagementConfiguration' of type [org.springframework.transaction.annotation.ProxyTransactionManagementConfiguration$$EnhancerBySpringCGLIB$$a34b7b4d] is not eligible for getting processed by all BeanPostProcessors (for example: not eligible for auto-proxying)
2018-04-19 16:08:59.806  INFO 102848 --- [main] o.s.w.s.handler.SimpleUrlHandlerMapping  : Mapped URL path [/**/favicon.ico] onto handler of type [class org.springframework.web.servlet.resource.ResourceHttpRequestHandler]
2018-04-19 16:09:00.128  INFO 102848 --- [main] s.w.s.m.m.a.RequestMappingHandlerAdapter : Looking for @ControllerAdvice: org.springframework.web.context.support.GenericWebApplicationContext@1807f5a7: startup date [Thu Apr 19 16:08:58 CST 2018]; root of context hierarchy
2018-04-19 16:09:00.196  INFO 102848 --- [main] s.w.s.m.m.a.RequestMappingHandlerMapping : Mapped "{[/]}" onto public java.lang.String com.wheatek.plan.controller.FrontController.index(org.springframework.ui.Model)
2018-04-19 16:09:00.197  INFO 102848 --- [main] s.w.s.m.m.a.RequestMappingHandlerMapping : Mapped "{[/index.html]}" onto public java.lang.String com.wheatek.plan.controller.FrontController.index2(org.springframework.ui.Model)
2018-04-19 16:09:00.197  INFO 102848 --- [main] s.w.s.m.m.a.RequestMappingHandlerMapping : Mapped "{[/501]}" onto public java.lang.String com.wheatek.plan.controller.FrontController.errorPage()
2018-04-19 16:09:00.197  INFO 102848 --- [main] s.w.s.m.m.a.RequestMappingHandlerMapping : Mapped "{[/index]}" onto public java.lang.String com.wheatek.plan.controller.FrontController.index3(org.springframework.ui.Model)
2018-04-19 16:09:00.197  INFO 102848 --- [main] s.w.s.m.m.a.RequestMappingHandlerMapping : Mapped "{[/login]}" onto public java.lang.String com.wheatek.plan.controller.FrontController.loginUser()
2018-04-19 16:09:00.200  INFO 102848 --- [main] s.w.s.m.m.a.RequestMappingHandlerMapping : Mapped "{[/error]}" onto public org.springframework.http.ResponseEntity<java.util.Map<java.lang.String, java.lang.Object>> org.springframework.boot.autoconfigure.web.servlet.error.BasicErrorController.error(javax.servlet.http.HttpServletRequest)
2018-04-19 16:09:00.201  INFO 102848 --- [main] s.w.s.m.m.a.RequestMappingHandlerMapping : Mapped "{[/error],produces=[text/html]}" onto public org.springframework.web.servlet.ModelAndView org.springframework.boot.autoconfigure.web.servlet.error.BasicErrorController.errorHtml(javax.servlet.http.HttpServletRequest,javax.servlet.http.HttpServletResponse)
2018-04-19 16:09:00.229  INFO 102848 --- [main] o.s.w.s.handler.SimpleUrlHandlerMapping  : Mapped URL path [/webjars/**] onto handler of type [class org.springframework.web.servlet.resource.ResourceHttpRequestHandler]
2018-04-19 16:09:00.229  INFO 102848 --- [main] o.s.w.s.handler.SimpleUrlHandlerMapping  : Mapped URL path [/**] onto handler of type [class org.springframework.web.servlet.resource.ResourceHttpRequestHandler]
2018-04-19 16:09:00.421  INFO 102848 --- [main] o.s.l.c.support.AbstractContextSource    : Property 'userDn' not set - anonymous context will be used for read-write operations
2018-04-19 16:09:00.532  INFO 102848 --- [main] o.s.w.s.v.f.FreeMarkerConfigurer         : ClassTemplateLoader for Spring macros added to FreeMarker configuration
2018-04-19 16:09:01.501  INFO 102848 --- [main] com.wheatek.plan.PlanApplicationTests    : Started PlanApplicationTests in 3.697 seconds (JVM running for 4.478)
2018-04-19 16:09:01.631  INFO 102848 --- [Thread-3] o.s.w.c.s.GenericWebApplicationContext   : Closing org.springframework.web.context.support.GenericWebApplicationContext@1807f5a7: startup date [Thu Apr 19 16:08:58 CST 2018]; root of context hierarchy
2018-04-19 16:54:31.132  INFO 98616 --- [main] com.wheatek.plan.PlanApplicationTests    : Starting PlanApplicationTests on MS-F0133-SH1SW with PID 98616 (started by yingjing.liu in D:\rgk_project_info_system\ProjectPlan)
2018-04-19 16:54:31.134  INFO 98616 --- [main] com.wheatek.plan.PlanApplicationTests    : No active profile set, falling back to default profiles: default
2018-04-19 16:54:31.167  INFO 98616 --- [main] o.s.w.c.s.GenericWebApplicationContext   : Refreshing org.springframework.web.context.support.GenericWebApplicationContext@1807f5a7: startup date [Thu Apr 19 16:54:31 CST 2018]; root of context hierarchy
2018-04-19 16:54:32.215  INFO 98616 --- [main] trationDelegate$BeanPostProcessorChecker : Bean 'org.springframework.transaction.annotation.ProxyTransactionManagementConfiguration' of type [org.springframework.transaction.annotation.ProxyTransactionManagementConfiguration$$EnhancerBySpringCGLIB$$b048e0fb] is not eligible for getting processed by all BeanPostProcessors (for example: not eligible for auto-proxying)
2018-04-19 16:54:33.512  INFO 98616 --- [main] o.s.w.s.handler.SimpleUrlHandlerMapping  : Mapped URL path [/**/favicon.ico] onto handler of type [class org.springframework.web.servlet.resource.ResourceHttpRequestHandler]
2018-04-19 16:54:33.893  INFO 98616 --- [main] s.w.s.m.m.a.RequestMappingHandlerAdapter : Looking for @ControllerAdvice: org.springframework.web.context.support.GenericWebApplicationContext@1807f5a7: startup date [Thu Apr 19 16:54:31 CST 2018]; root of context hierarchy
2018-04-19 16:54:33.974  INFO 98616 --- [main] s.w.s.m.m.a.RequestMappingHandlerMapping : Mapped "{[/]}" onto public java.lang.String com.wheatek.plan.controller.FrontController.index(org.springframework.ui.Model)
2018-04-19 16:54:33.975  INFO 98616 --- [main] s.w.s.m.m.a.RequestMappingHandlerMapping : Mapped "{[/index.html]}" onto public java.lang.String com.wheatek.plan.controller.FrontController.index2(org.springframework.ui.Model)
2018-04-19 16:54:33.975  INFO 98616 --- [main] s.w.s.m.m.a.RequestMappingHandlerMapping : Mapped "{[/501]}" onto public java.lang.String com.wheatek.plan.controller.FrontController.errorPage()
2018-04-19 16:54:33.976  INFO 98616 --- [main] s.w.s.m.m.a.RequestMappingHandlerMapping : Mapped "{[/index]}" onto public java.lang.String com.wheatek.plan.controller.FrontController.index3(org.springframework.ui.Model)
2018-04-19 16:54:33.976  INFO 98616 --- [main] s.w.s.m.m.a.RequestMappingHandlerMapping : Mapped "{[/login]}" onto public java.lang.String com.wheatek.plan.controller.FrontController.loginUser()
2018-04-19 16:54:33.978  INFO 98616 --- [main] s.w.s.m.m.a.RequestMappingHandlerMapping : Mapped "{[/error]}" onto public org.springframework.http.ResponseEntity<java.util.Map<java.lang.String, java.lang.Object>> org.springframework.boot.autoconfigure.web.servlet.error.BasicErrorController.error(javax.servlet.http.HttpServletRequest)
2018-04-19 16:54:33.978  INFO 98616 --- [main] s.w.s.m.m.a.RequestMappingHandlerMapping : Mapped "{[/error],produces=[text/html]}" onto public org.springframework.web.servlet.ModelAndView org.springframework.boot.autoconfigure.web.servlet.error.BasicErrorController.errorHtml(javax.servlet.http.HttpServletRequest,javax.servlet.http.HttpServletResponse)
2018-04-19 16:54:34.004  INFO 98616 --- [main] o.s.w.s.handler.SimpleUrlHandlerMapping  : Mapped URL path [/webjars/**] onto handler of type [class org.springframework.web.servlet.resource.ResourceHttpRequestHandler]
2018-04-19 16:54:34.004  INFO 98616 --- [main] o.s.w.s.handler.SimpleUrlHandlerMapping  : Mapped URL path [/**] onto handler of type [class org.springframework.web.servlet.resource.ResourceHttpRequestHandler]
2018-04-19 16:54:34.232  INFO 98616 --- [main] o.s.l.c.support.AbstractContextSource    : Property 'userDn' not set - anonymous context will be used for read-write operations
2018-04-19 16:54:34.330  INFO 98616 --- [main] o.s.w.s.v.f.FreeMarkerConfigurer         : ClassTemplateLoader for Spring macros added to FreeMarker configuration
2018-04-19 16:54:35.363  INFO 98616 --- [main] com.wheatek.plan.PlanApplicationTests    : Started PlanApplicationTests in 4.541 seconds (JVM running for 6.118)
2018-04-19 16:54:35.689  INFO 98616 --- [Thread-3] o.s.w.c.s.GenericWebApplicationContext   : Closing org.springframework.web.context.support.GenericWebApplicationContext@1807f5a7: startup date [Thu Apr 19 16:54:31 CST 2018]; root of context hierarchy
2018-04-19 16:57:09.345  INFO 103908 --- [main] com.wheatek.plan.PlanApplicationTests    : Starting PlanApplicationTests on MS-F0133-SH1SW with PID 103908 (started by yingjing.liu in D:\rgk_project_info_system\ProjectPlan)
2018-04-19 16:57:09.346  INFO 103908 --- [main] com.wheatek.plan.PlanApplicationTests    : No active profile set, falling back to default profiles: default
2018-04-19 16:57:09.380  INFO 103908 --- [main] o.s.w.c.s.GenericWebApplicationContext   : Refreshing org.springframework.web.context.support.GenericWebApplicationContext@5a5a729f: startup date [Thu Apr 19 16:57:09 CST 2018]; root of context hierarchy
2018-04-19 16:57:10.537  INFO 103908 --- [main] trationDelegate$BeanPostProcessorChecker : Bean 'org.springframework.transaction.annotation.ProxyTransactionManagementConfiguration' of type [org.springframework.transaction.annotation.ProxyTransactionManagementConfiguration$$EnhancerBySpringCGLIB$$c801f362] is not eligible for getting processed by all BeanPostProcessors (for example: not eligible for auto-proxying)
2018-04-19 16:57:11.227  INFO 103908 --- [main] o.s.w.s.handler.SimpleUrlHandlerMapping  : Mapped URL path [/**/favicon.ico] onto handler of type [class org.springframework.web.servlet.resource.ResourceHttpRequestHandler]
2018-04-19 16:57:11.507  INFO 103908 --- [main] s.w.s.m.m.a.RequestMappingHandlerAdapter : Looking for @ControllerAdvice: org.springframework.web.context.support.GenericWebApplicationContext@5a5a729f: startup date [Thu Apr 19 16:57:09 CST 2018]; root of context hierarchy
2018-04-19 16:57:11.572  INFO 103908 --- [main] s.w.s.m.m.a.RequestMappingHandlerMapping : Mapped "{[/]}" onto public java.lang.String com.wheatek.plan.controller.FrontController.index(org.springframework.ui.Model)
2018-04-19 16:57:11.572  INFO 103908 --- [main] s.w.s.m.m.a.RequestMappingHandlerMapping : Mapped "{[/index.html]}" onto public java.lang.String com.wheatek.plan.controller.FrontController.index2(org.springframework.ui.Model)
2018-04-19 16:57:11.573  INFO 103908 --- [main] s.w.s.m.m.a.RequestMappingHandlerMapping : Mapped "{[/501]}" onto public java.lang.String com.wheatek.plan.controller.FrontController.errorPage()
2018-04-19 16:57:11.573  INFO 103908 --- [main] s.w.s.m.m.a.RequestMappingHandlerMapping : Mapped "{[/index]}" onto public java.lang.String com.wheatek.plan.controller.FrontController.index3(org.springframework.ui.Model)
2018-04-19 16:57:11.573  INFO 103908 --- [main] s.w.s.m.m.a.RequestMappingHandlerMapping : Mapped "{[/login]}" onto public java.lang.String com.wheatek.plan.controller.FrontController.loginUser()
2018-04-19 16:57:11.575  INFO 103908 --- [main] s.w.s.m.m.a.RequestMappingHandlerMapping : Mapped "{[/error]}" onto public org.springframework.http.ResponseEntity<java.util.Map<java.lang.String, java.lang.Object>> org.springframework.boot.autoconfigure.web.servlet.error.BasicErrorController.error(javax.servlet.http.HttpServletRequest)
2018-04-19 16:57:11.576  INFO 103908 --- [main] s.w.s.m.m.a.RequestMappingHandlerMapping : Mapped "{[/error],produces=[text/html]}" onto public org.springframework.web.servlet.ModelAndView org.springframework.boot.autoconfigure.web.servlet.error.BasicErrorController.errorHtml(javax.servlet.http.HttpServletRequest,javax.servlet.http.HttpServletResponse)
2018-04-19 16:57:11.599  INFO 103908 --- [main] o.s.w.s.handler.SimpleUrlHandlerMapping  : Mapped URL path [/webjars/**] onto handler of type [class org.springframework.web.servlet.resource.ResourceHttpRequestHandler]
2018-04-19 16:57:11.600  INFO 103908 --- [main] o.s.w.s.handler.SimpleUrlHandlerMapping  : Mapped URL path [/**] onto handler of type [class org.springframework.web.servlet.resource.ResourceHttpRequestHandler]
2018-04-19 16:57:11.736  INFO 103908 --- [main] o.s.l.c.support.AbstractContextSource    : Property 'userDn' not set - anonymous context will be used for read-write operations
2018-04-19 16:57:11.859  INFO 103908 --- [main] o.s.w.s.v.f.FreeMarkerConfigurer         : ClassTemplateLoader for Spring macros added to FreeMarker configuration
2018-04-19 16:57:13.052  INFO 103908 --- [main] com.wheatek.plan.PlanApplicationTests    : Started PlanApplicationTests in 4.147 seconds (JVM running for 5.032)
2018-04-19 16:57:13.236  INFO 103908 --- [Thread-3] o.s.w.c.s.GenericWebApplicationContext   : Closing org.springframework.web.context.support.GenericWebApplicationContext@5a5a729f: startup date [Thu Apr 19 16:57:09 CST 2018]; root of context hierarchy
2018-04-19 16:58:31.402  INFO 104856 --- [main] com.wheatek.plan.PlanApplicationTests    : Starting PlanApplicationTests on MS-F0133-SH1SW with PID 104856 (started by yingjing.liu in D:\rgk_project_info_system\ProjectPlan)
2018-04-19 16:58:31.404  INFO 104856 --- [main] com.wheatek.plan.PlanApplicationTests    : No active profile set, falling back to default profiles: default
2018-04-19 16:58:31.432  INFO 104856 --- [main] o.s.w.c.s.GenericWebApplicationContext   : Refreshing org.springframework.web.context.support.GenericWebApplicationContext@4007f65e: startup date [Thu Apr 19 16:58:31 CST 2018]; root of context hierarchy
2018-04-19 16:58:32.583  INFO 104856 --- [main] trationDelegate$BeanPostProcessorChecker : Bean 'org.springframework.transaction.annotation.ProxyTransactionManagementConfiguration' of type [org.springframework.transaction.annotation.ProxyTransactionManagementConfiguration$$EnhancerBySpringCGLIB$$ff3517f0] is not eligible for getting processed by all BeanPostProcessors (for example: not eligible for auto-proxying)
2018-04-19 16:58:33.226  INFO 104856 --- [main] o.s.w.s.handler.SimpleUrlHandlerMapping  : Mapped URL path [/**/favicon.ico] onto handler of type [class org.springframework.web.servlet.resource.ResourceHttpRequestHandler]
2018-04-19 16:58:33.519  INFO 104856 --- [main] s.w.s.m.m.a.RequestMappingHandlerAdapter : Looking for @ControllerAdvice: org.springframework.web.context.support.GenericWebApplicationContext@4007f65e: startup date [Thu Apr 19 16:58:31 CST 2018]; root of context hierarchy
2018-04-19 16:58:33.595  INFO 104856 --- [main] s.w.s.m.m.a.RequestMappingHandlerMapping : Mapped "{[/]}" onto public java.lang.String com.wheatek.plan.controller.FrontController.index(org.springframework.ui.Model)
2018-04-19 16:58:33.596  INFO 104856 --- [main] s.w.s.m.m.a.RequestMappingHandlerMapping : Mapped "{[/index.html]}" onto public java.lang.String com.wheatek.plan.controller.FrontController.index2(org.springframework.ui.Model)
2018-04-19 16:58:33.597  INFO 104856 --- [main] s.w.s.m.m.a.RequestMappingHandlerMapping : Mapped "{[/login]}" onto public java.lang.String com.wheatek.plan.controller.FrontController.loginUser()
2018-04-19 16:58:33.597  INFO 104856 --- [main] s.w.s.m.m.a.RequestMappingHandlerMapping : Mapped "{[/501]}" onto public java.lang.String com.wheatek.plan.controller.FrontController.errorPage()
2018-04-19 16:58:33.597  INFO 104856 --- [main] s.w.s.m.m.a.RequestMappingHandlerMapping : Mapped "{[/index]}" onto public java.lang.String com.wheatek.plan.controller.FrontController.index3(org.springframework.ui.Model)
2018-04-19 16:58:33.600  INFO 104856 --- [main] s.w.s.m.m.a.RequestMappingHandlerMapping : Mapped "{[/error]}" onto public org.springframework.http.ResponseEntity<java.util.Map<java.lang.String, java.lang.Object>> org.springframework.boot.autoconfigure.web.servlet.error.BasicErrorController.error(javax.servlet.http.HttpServletRequest)
2018-04-19 16:58:33.601  INFO 104856 --- [main] s.w.s.m.m.a.RequestMappingHandlerMapping : Mapped "{[/error],produces=[text/html]}" onto public org.springframework.web.servlet.ModelAndView org.springframework.boot.autoconfigure.web.servlet.error.BasicErrorController.errorHtml(javax.servlet.http.HttpServletRequest,javax.servlet.http.HttpServletResponse)
2018-04-19 16:58:33.626  INFO 104856 --- [main] o.s.w.s.handler.SimpleUrlHandlerMapping  : Mapped URL path [/webjars/**] onto handler of type [class org.springframework.web.servlet.resource.ResourceHttpRequestHandler]
2018-04-19 16:58:33.626  INFO 104856 --- [main] o.s.w.s.handler.SimpleUrlHandlerMapping  : Mapped URL path [/**] onto handler of type [class org.springframework.web.servlet.resource.ResourceHttpRequestHandler]
2018-04-19 16:58:33.778  INFO 104856 --- [main] o.s.l.c.support.AbstractContextSource    : Property 'userDn' not set - anonymous context will be used for read-write operations
2018-04-19 16:58:33.899  INFO 104856 --- [main] o.s.w.s.v.f.FreeMarkerConfigurer         : ClassTemplateLoader for Spring macros added to FreeMarker configuration
2018-04-19 16:58:34.838  INFO 104856 --- [main] com.wheatek.plan.PlanApplicationTests    : Started PlanApplicationTests in 3.714 seconds (JVM running for 4.506)
2018-04-19 16:58:34.969  INFO 104856 --- [Thread-3] o.s.w.c.s.GenericWebApplicationContext   : Closing org.springframework.web.context.support.GenericWebApplicationContext@4007f65e: startup date [Thu Apr 19 16:58:31 CST 2018]; root of context hierarchy
