2018-05-03 11:53:56.165 [main] DEBUG com.project.plan.config.listener.ApplicationEventListener - 初始化环境变量
2018-05-03 11:53:56.549 [main] INFO  com.project.plan.PlanApplicationTests - Starting PlanApplicationTests on MS-F0133-SH1SW with PID 39576 (started by yingjing.liu in D:\rgk_project_info_system\ProjectPlan)
2018-05-03 11:53:56.550 [main] DEBUG com.project.plan.PlanApplicationTests - Running with Spring Boot v1.5.9.RELEASE, Spring v4.3.13.RELEASE
2018-05-03 11:53:56.551 [main] INFO  com.project.plan.PlanApplicationTests - The following profiles are active: dev
2018-05-03 11:53:56.693 [main] DEBUG com.project.plan.config.listener.ApplicationEventListener - 初始化环境变量完成
2018-05-03 11:54:00.262 [background-preinit] DEBUG org.jboss.logging - Logging Provider: org.jboss.logging.Slf4jLoggerProvider found via system property
2018-05-03 11:54:06.777 [main] INFO  com.alibaba.druid.pool.DruidDataSource - {dataSource-1} inited
2018-05-03 11:54:28.873 [main] DEBUG com.project.plan.config.listener.ApplicationEventListener - 应用刷新
2018-05-03 11:54:28.882 [main] DEBUG com.project.plan.config.listener.ApplicationEventListener - 应用已启动完成
2018-05-03 11:54:28.883 [main] INFO  com.project.plan.PlanApplicationTests - Started PlanApplicationTests in 33.034 seconds (JVM running for 34.375)
2018-05-03 11:54:30.796 [main] INFO  com.project.plan.common.utils.LDAPControl - Ignore error:java.lang.NullPointerException
2018-05-03 11:54:30.797 [main] INFO  com.project.plan.common.utils.LDAPControl - Ignore error:java.lang.NullPointerException
2018-05-03 11:54:30.797 [main] INFO  com.project.plan.common.utils.LDAPControl - Ignore error:java.lang.NullPointerException
2018-05-03 11:54:30.797 [main] INFO  com.project.plan.common.utils.LDAPControl - Ignore error:java.lang.NullPointerException
2018-05-03 11:54:30.798 [main] INFO  com.project.plan.common.utils.LDAPControl - Ignore error:java.lang.NullPointerException
2018-05-03 11:54:30.800 [main] INFO  com.project.plan.common.utils.LDAPControl - Ignore error:java.lang.NullPointerException
2018-05-03 11:54:30.801 [main] INFO  com.project.plan.common.utils.LDAPControl - Ignore error:java.lang.NullPointerException
2018-05-03 11:54:30.801 [main] INFO  com.project.plan.common.utils.LDAPControl - Ignore error:java.lang.NullPointerException
2018-05-03 11:54:30.801 [main] INFO  com.project.plan.common.utils.LDAPControl - Ignore error:java.lang.NullPointerException
2018-05-03 11:54:30.803 [main] INFO  com.project.plan.common.utils.LDAPControl - Ignore error:java.lang.NullPointerException
2018-05-03 11:54:30.804 [main] INFO  com.project.plan.common.utils.LDAPControl - Ignore error:java.lang.NullPointerException
2018-05-03 11:54:30.804 [main] INFO  com.project.plan.common.utils.LDAPControl - Ignore error:java.lang.NullPointerException
2018-05-03 11:54:30.805 [main] INFO  com.project.plan.common.utils.LDAPControl - Ignore error:java.lang.NullPointerException
2018-05-03 11:54:30.807 [main] INFO  com.project.plan.common.utils.LDAPControl - Ignore error:java.lang.NullPointerException
2018-05-03 11:54:30.807 [main] INFO  com.project.plan.common.utils.LDAPControl - Ignore error:java.lang.NullPointerException
2018-05-03 11:54:30.809 [main] INFO  com.project.plan.common.utils.LDAPControl - Ignore error:java.lang.NullPointerException
2018-05-03 11:54:30.812 [main] INFO  com.project.plan.common.utils.LDAPControl - Ignore error:java.lang.NullPointerException
2018-05-03 11:54:30.813 [main] INFO  com.project.plan.common.utils.LDAPControl - Ignore error:java.lang.NullPointerException
2018-05-03 11:54:30.813 [main] INFO  com.project.plan.common.utils.LDAPControl - Ignore error:java.lang.NullPointerException
2018-05-03 11:54:30.816 [main] INFO  com.project.plan.common.utils.LDAPControl - Ignore error:java.lang.NullPointerException
2018-05-03 11:54:30.816 [main] INFO  com.project.plan.common.utils.LDAPControl - Ignore error:java.lang.NullPointerException
2018-05-03 11:54:31.512 [main] DEBUG org.hibernate.SQL - insert into tb_user (address, birthday, create_time, delete_status, description, email, locked, nick_name, password, sex, telephone, update_time, user_name) values (?, ?, ?, ?, ?, ?, ?, ?, ?, ?, ?, ?, ?)
2018-05-03 11:54:31.767 [main] DEBUG org.hibernate.SQL - insert into tb_user (address, birthday, create_time, delete_status, description, email, locked, nick_name, password, sex, telephone, update_time, user_name) values (?, ?, ?, ?, ?, ?, ?, ?, ?, ?, ?, ?, ?)
2018-05-03 11:54:31.775 [main] DEBUG org.hibernate.SQL - insert into tb_user (address, birthday, create_time, delete_status, description, email, locked, nick_name, password, sex, telephone, update_time, user_name) values (?, ?, ?, ?, ?, ?, ?, ?, ?, ?, ?, ?, ?)
2018-05-03 11:54:31.776 [main] DEBUG org.hibernate.SQL - insert into tb_user (address, birthday, create_time, delete_status, description, email, locked, nick_name, password, sex, telephone, update_time, user_name) values (?, ?, ?, ?, ?, ?, ?, ?, ?, ?, ?, ?, ?)
2018-05-03 11:54:31.778 [main] DEBUG org.hibernate.SQL - insert into tb_user (address, birthday, create_time, delete_status, description, email, locked, nick_name, password, sex, telephone, update_time, user_name) values (?, ?, ?, ?, ?, ?, ?, ?, ?, ?, ?, ?, ?)
2018-05-03 11:54:31.779 [main] DEBUG org.hibernate.SQL - insert into tb_user (address, birthday, create_time, delete_status, description, email, locked, nick_name, password, sex, telephone, update_time, user_name) values (?, ?, ?, ?, ?, ?, ?, ?, ?, ?, ?, ?, ?)
2018-05-03 11:54:31.781 [main] DEBUG org.hibernate.SQL - insert into tb_user (address, birthday, create_time, delete_status, description, email, locked, nick_name, password, sex, telephone, update_time, user_name) values (?, ?, ?, ?, ?, ?, ?, ?, ?, ?, ?, ?, ?)
2018-05-03 11:54:31.782 [main] DEBUG org.hibernate.SQL - insert into tb_user (address, birthday, create_time, delete_status, description, email, locked, nick_name, password, sex, telephone, update_time, user_name) values (?, ?, ?, ?, ?, ?, ?, ?, ?, ?, ?, ?, ?)
2018-05-03 11:54:31.901 [main] DEBUG org.hibernate.SQL - insert into tb_user (address, birthday, create_time, delete_status, description, email, locked, nick_name, password, sex, telephone, update_time, user_name) values (?, ?, ?, ?, ?, ?, ?, ?, ?, ?, ?, ?, ?)
2018-05-03 11:54:31.903 [main] DEBUG org.hibernate.SQL - insert into tb_user (address, birthday, create_time, delete_status, description, email, locked, nick_name, password, sex, telephone, update_time, user_name) values (?, ?, ?, ?, ?, ?, ?, ?, ?, ?, ?, ?, ?)
2018-05-03 11:54:31.904 [main] DEBUG org.hibernate.SQL - insert into tb_user (address, birthday, create_time, delete_status, description, email, locked, nick_name, password, sex, telephone, update_time, user_name) values (?, ?, ?, ?, ?, ?, ?, ?, ?, ?, ?, ?, ?)
2018-05-03 11:54:31.905 [main] DEBUG org.hibernate.SQL - insert into tb_user (address, birthday, create_time, delete_status, description, email, locked, nick_name, password, sex, telephone, update_time, user_name) values (?, ?, ?, ?, ?, ?, ?, ?, ?, ?, ?, ?, ?)
2018-05-03 11:54:31.907 [main] DEBUG org.hibernate.SQL - insert into tb_user (address, birthday, create_time, delete_status, description, email, locked, nick_name, password, sex, telephone, update_time, user_name) values (?, ?, ?, ?, ?, ?, ?, ?, ?, ?, ?, ?, ?)
2018-05-03 11:54:31.908 [main] DEBUG org.hibernate.SQL - insert into tb_user (address, birthday, create_time, delete_status, description, email, locked, nick_name, password, sex, telephone, update_time, user_name) values (?, ?, ?, ?, ?, ?, ?, ?, ?, ?, ?, ?, ?)
2018-05-03 11:54:31.911 [main] DEBUG org.hibernate.SQL - insert into tb_user (address, birthday, create_time, delete_status, description, email, locked, nick_name, password, sex, telephone, update_time, user_name) values (?, ?, ?, ?, ?, ?, ?, ?, ?, ?, ?, ?, ?)
2018-05-03 11:54:31.912 [main] DEBUG org.hibernate.SQL - insert into tb_user (address, birthday, create_time, delete_status, description, email, locked, nick_name, password, sex, telephone, update_time, user_name) values (?, ?, ?, ?, ?, ?, ?, ?, ?, ?, ?, ?, ?)
2018-05-03 11:54:32.052 [main] DEBUG org.hibernate.SQL - insert into tb_user (address, birthday, create_time, delete_status, description, email, locked, nick_name, password, sex, telephone, update_time, user_name) values (?, ?, ?, ?, ?, ?, ?, ?, ?, ?, ?, ?, ?)
2018-05-03 11:54:32.200 [main] DEBUG org.hibernate.SQL - insert into tb_user (address, birthday, create_time, delete_status, description, email, locked, nick_name, password, sex, telephone, update_time, user_name) values (?, ?, ?, ?, ?, ?, ?, ?, ?, ?, ?, ?, ?)
2018-05-03 11:54:32.293 [main] DEBUG org.hibernate.SQL - insert into tb_user (address, birthday, create_time, delete_status, description, email, locked, nick_name, password, sex, telephone, update_time, user_name) values (?, ?, ?, ?, ?, ?, ?, ?, ?, ?, ?, ?, ?)
2018-05-03 11:54:32.298 [main] DEBUG org.hibernate.SQL - insert into tb_user (address, birthday, create_time, delete_status, description, email, locked, nick_name, password, sex, telephone, update_time, user_name) values (?, ?, ?, ?, ?, ?, ?, ?, ?, ?, ?, ?, ?)
2018-05-03 11:54:32.437 [main] DEBUG org.hibernate.SQL - insert into tb_user (address, birthday, create_time, delete_status, description, email, locked, nick_name, password, sex, telephone, update_time, user_name) values (?, ?, ?, ?, ?, ?, ?, ?, ?, ?, ?, ?, ?)
2018-05-03 11:54:32.441 [main] DEBUG org.hibernate.SQL - insert into tb_user (address, birthday, create_time, delete_status, description, email, locked, nick_name, password, sex, telephone, update_time, user_name) values (?, ?, ?, ?, ?, ?, ?, ?, ?, ?, ?, ?, ?)
2018-05-03 11:54:32.445 [main] DEBUG org.hibernate.SQL - insert into tb_user (address, birthday, create_time, delete_status, description, email, locked, nick_name, password, sex, telephone, update_time, user_name) values (?, ?, ?, ?, ?, ?, ?, ?, ?, ?, ?, ?, ?)
2018-05-03 11:54:32.449 [main] DEBUG org.hibernate.SQL - insert into tb_user (address, birthday, create_time, delete_status, description, email, locked, nick_name, password, sex, telephone, update_time, user_name) values (?, ?, ?, ?, ?, ?, ?, ?, ?, ?, ?, ?, ?)
2018-05-03 11:54:32.453 [main] DEBUG org.hibernate.SQL - insert into tb_user (address, birthday, create_time, delete_status, description, email, locked, nick_name, password, sex, telephone, update_time, user_name) values (?, ?, ?, ?, ?, ?, ?, ?, ?, ?, ?, ?, ?)
2018-05-03 11:54:32.458 [main] DEBUG org.hibernate.SQL - insert into tb_user (address, birthday, create_time, delete_status, description, email, locked, nick_name, password, sex, telephone, update_time, user_name) values (?, ?, ?, ?, ?, ?, ?, ?, ?, ?, ?, ?, ?)
2018-05-03 11:54:32.463 [main] DEBUG org.hibernate.SQL - insert into tb_user (address, birthday, create_time, delete_status, description, email, locked, nick_name, password, sex, telephone, update_time, user_name) values (?, ?, ?, ?, ?, ?, ?, ?, ?, ?, ?, ?, ?)
2018-05-03 11:54:32.467 [main] DEBUG org.hibernate.SQL - insert into tb_user (address, birthday, create_time, delete_status, description, email, locked, nick_name, password, sex, telephone, update_time, user_name) values (?, ?, ?, ?, ?, ?, ?, ?, ?, ?, ?, ?, ?)
2018-05-03 11:54:32.472 [main] DEBUG org.hibernate.SQL - insert into tb_user (address, birthday, create_time, delete_status, description, email, locked, nick_name, password, sex, telephone, update_time, user_name) values (?, ?, ?, ?, ?, ?, ?, ?, ?, ?, ?, ?, ?)
2018-05-03 11:54:32.476 [main] DEBUG org.hibernate.SQL - insert into tb_user (address, birthday, create_time, delete_status, description, email, locked, nick_name, password, sex, telephone, update_time, user_name) values (?, ?, ?, ?, ?, ?, ?, ?, ?, ?, ?, ?, ?)
2018-05-03 11:54:32.479 [main] DEBUG org.hibernate.SQL - insert into tb_user (address, birthday, create_time, delete_status, description, email, locked, nick_name, password, sex, telephone, update_time, user_name) values (?, ?, ?, ?, ?, ?, ?, ?, ?, ?, ?, ?, ?)
2018-05-03 11:54:32.481 [main] DEBUG org.hibernate.SQL - insert into tb_user (address, birthday, create_time, delete_status, description, email, locked, nick_name, password, sex, telephone, update_time, user_name) values (?, ?, ?, ?, ?, ?, ?, ?, ?, ?, ?, ?, ?)
2018-05-03 11:54:32.483 [main] DEBUG org.hibernate.SQL - insert into tb_user (address, birthday, create_time, delete_status, description, email, locked, nick_name, password, sex, telephone, update_time, user_name) values (?, ?, ?, ?, ?, ?, ?, ?, ?, ?, ?, ?, ?)
2018-05-03 11:54:32.485 [main] DEBUG org.hibernate.SQL - insert into tb_user (address, birthday, create_time, delete_status, description, email, locked, nick_name, password, sex, telephone, update_time, user_name) values (?, ?, ?, ?, ?, ?, ?, ?, ?, ?, ?, ?, ?)
2018-05-03 11:54:32.487 [main] DEBUG org.hibernate.SQL - insert into tb_user (address, birthday, create_time, delete_status, description, email, locked, nick_name, password, sex, telephone, update_time, user_name) values (?, ?, ?, ?, ?, ?, ?, ?, ?, ?, ?, ?, ?)
2018-05-03 11:54:32.488 [main] DEBUG org.hibernate.SQL - insert into tb_user (address, birthday, create_time, delete_status, description, email, locked, nick_name, password, sex, telephone, update_time, user_name) values (?, ?, ?, ?, ?, ?, ?, ?, ?, ?, ?, ?, ?)
2018-05-03 11:54:32.490 [main] DEBUG org.hibernate.SQL - insert into tb_user (address, birthday, create_time, delete_status, description, email, locked, nick_name, password, sex, telephone, update_time, user_name) values (?, ?, ?, ?, ?, ?, ?, ?, ?, ?, ?, ?, ?)
2018-05-03 11:54:32.492 [main] DEBUG org.hibernate.SQL - insert into tb_user (address, birthday, create_time, delete_status, description, email, locked, nick_name, password, sex, telephone, update_time, user_name) values (?, ?, ?, ?, ?, ?, ?, ?, ?, ?, ?, ?, ?)
2018-05-03 11:54:32.493 [main] DEBUG org.hibernate.SQL - insert into tb_user (address, birthday, create_time, delete_status, description, email, locked, nick_name, password, sex, telephone, update_time, user_name) values (?, ?, ?, ?, ?, ?, ?, ?, ?, ?, ?, ?, ?)
2018-05-03 11:54:32.495 [main] DEBUG org.hibernate.SQL - insert into tb_user (address, birthday, create_time, delete_status, description, email, locked, nick_name, password, sex, telephone, update_time, user_name) values (?, ?, ?, ?, ?, ?, ?, ?, ?, ?, ?, ?, ?)
2018-05-03 11:54:32.497 [main] DEBUG org.hibernate.SQL - insert into tb_user (address, birthday, create_time, delete_status, description, email, locked, nick_name, password, sex, telephone, update_time, user_name) values (?, ?, ?, ?, ?, ?, ?, ?, ?, ?, ?, ?, ?)
2018-05-03 11:54:32.499 [main] DEBUG org.hibernate.SQL - insert into tb_user (address, birthday, create_time, delete_status, description, email, locked, nick_name, password, sex, telephone, update_time, user_name) values (?, ?, ?, ?, ?, ?, ?, ?, ?, ?, ?, ?, ?)
2018-05-03 11:54:32.500 [main] DEBUG org.hibernate.SQL - insert into tb_user (address, birthday, create_time, delete_status, description, email, locked, nick_name, password, sex, telephone, update_time, user_name) values (?, ?, ?, ?, ?, ?, ?, ?, ?, ?, ?, ?, ?)
2018-05-03 11:54:32.502 [main] DEBUG org.hibernate.SQL - insert into tb_user (address, birthday, create_time, delete_status, description, email, locked, nick_name, password, sex, telephone, update_time, user_name) values (?, ?, ?, ?, ?, ?, ?, ?, ?, ?, ?, ?, ?)
2018-05-03 11:54:32.503 [main] DEBUG org.hibernate.SQL - insert into tb_user (address, birthday, create_time, delete_status, description, email, locked, nick_name, password, sex, telephone, update_time, user_name) values (?, ?, ?, ?, ?, ?, ?, ?, ?, ?, ?, ?, ?)
2018-05-03 11:54:32.505 [main] DEBUG org.hibernate.SQL - insert into tb_user (address, birthday, create_time, delete_status, description, email, locked, nick_name, password, sex, telephone, update_time, user_name) values (?, ?, ?, ?, ?, ?, ?, ?, ?, ?, ?, ?, ?)
2018-05-03 11:54:32.507 [main] DEBUG org.hibernate.SQL - insert into tb_user (address, birthday, create_time, delete_status, description, email, locked, nick_name, password, sex, telephone, update_time, user_name) values (?, ?, ?, ?, ?, ?, ?, ?, ?, ?, ?, ?, ?)
2018-05-03 11:54:32.508 [main] DEBUG org.hibernate.SQL - insert into tb_user (address, birthday, create_time, delete_status, description, email, locked, nick_name, password, sex, telephone, update_time, user_name) values (?, ?, ?, ?, ?, ?, ?, ?, ?, ?, ?, ?, ?)
2018-05-03 11:54:32.509 [main] DEBUG org.hibernate.SQL - insert into tb_user (address, birthday, create_time, delete_status, description, email, locked, nick_name, password, sex, telephone, update_time, user_name) values (?, ?, ?, ?, ?, ?, ?, ?, ?, ?, ?, ?, ?)
2018-05-03 11:54:32.510 [main] DEBUG org.hibernate.SQL - insert into tb_user (address, birthday, create_time, delete_status, description, email, locked, nick_name, password, sex, telephone, update_time, user_name) values (?, ?, ?, ?, ?, ?, ?, ?, ?, ?, ?, ?, ?)
2018-05-03 11:54:32.511 [main] DEBUG org.hibernate.SQL - insert into tb_user (address, birthday, create_time, delete_status, description, email, locked, nick_name, password, sex, telephone, update_time, user_name) values (?, ?, ?, ?, ?, ?, ?, ?, ?, ?, ?, ?, ?)
2018-05-03 11:54:32.512 [main] DEBUG org.hibernate.SQL - insert into tb_user (address, birthday, create_time, delete_status, description, email, locked, nick_name, password, sex, telephone, update_time, user_name) values (?, ?, ?, ?, ?, ?, ?, ?, ?, ?, ?, ?, ?)
2018-05-03 11:54:32.513 [main] DEBUG org.hibernate.SQL - insert into tb_user (address, birthday, create_time, delete_status, description, email, locked, nick_name, password, sex, telephone, update_time, user_name) values (?, ?, ?, ?, ?, ?, ?, ?, ?, ?, ?, ?, ?)
2018-05-03 11:54:32.514 [main] DEBUG org.hibernate.SQL - insert into tb_user (address, birthday, create_time, delete_status, description, email, locked, nick_name, password, sex, telephone, update_time, user_name) values (?, ?, ?, ?, ?, ?, ?, ?, ?, ?, ?, ?, ?)
2018-05-03 11:54:32.515 [main] DEBUG org.hibernate.SQL - insert into tb_user (address, birthday, create_time, delete_status, description, email, locked, nick_name, password, sex, telephone, update_time, user_name) values (?, ?, ?, ?, ?, ?, ?, ?, ?, ?, ?, ?, ?)
2018-05-03 11:54:32.516 [main] DEBUG org.hibernate.SQL - insert into tb_user (address, birthday, create_time, delete_status, description, email, locked, nick_name, password, sex, telephone, update_time, user_name) values (?, ?, ?, ?, ?, ?, ?, ?, ?, ?, ?, ?, ?)
2018-05-03 11:54:32.517 [main] DEBUG org.hibernate.SQL - insert into tb_user (address, birthday, create_time, delete_status, description, email, locked, nick_name, password, sex, telephone, update_time, user_name) values (?, ?, ?, ?, ?, ?, ?, ?, ?, ?, ?, ?, ?)
2018-05-03 11:54:32.518 [main] DEBUG org.hibernate.SQL - insert into tb_user (address, birthday, create_time, delete_status, description, email, locked, nick_name, password, sex, telephone, update_time, user_name) values (?, ?, ?, ?, ?, ?, ?, ?, ?, ?, ?, ?, ?)
2018-05-03 11:54:32.519 [main] DEBUG org.hibernate.SQL - insert into tb_user (address, birthday, create_time, delete_status, description, email, locked, nick_name, password, sex, telephone, update_time, user_name) values (?, ?, ?, ?, ?, ?, ?, ?, ?, ?, ?, ?, ?)
2018-05-03 11:54:32.520 [main] DEBUG org.hibernate.SQL - insert into tb_user (address, birthday, create_time, delete_status, description, email, locked, nick_name, password, sex, telephone, update_time, user_name) values (?, ?, ?, ?, ?, ?, ?, ?, ?, ?, ?, ?, ?)
2018-05-03 11:54:32.725 [main] DEBUG org.hibernate.SQL - insert into tb_user (address, birthday, create_time, delete_status, description, email, locked, nick_name, password, sex, telephone, update_time, user_name) values (?, ?, ?, ?, ?, ?, ?, ?, ?, ?, ?, ?, ?)
2018-05-03 11:54:32.727 [main] DEBUG org.hibernate.SQL - insert into tb_user (address, birthday, create_time, delete_status, description, email, locked, nick_name, password, sex, telephone, update_time, user_name) values (?, ?, ?, ?, ?, ?, ?, ?, ?, ?, ?, ?, ?)
2018-05-03 11:54:32.728 [main] DEBUG org.hibernate.SQL - insert into tb_user (address, birthday, create_time, delete_status, description, email, locked, nick_name, password, sex, telephone, update_time, user_name) values (?, ?, ?, ?, ?, ?, ?, ?, ?, ?, ?, ?, ?)
2018-05-03 11:54:32.730 [main] DEBUG org.hibernate.SQL - insert into tb_user (address, birthday, create_time, delete_status, description, email, locked, nick_name, password, sex, telephone, update_time, user_name) values (?, ?, ?, ?, ?, ?, ?, ?, ?, ?, ?, ?, ?)
2018-05-03 11:54:32.733 [main] DEBUG org.hibernate.SQL - insert into tb_user (address, birthday, create_time, delete_status, description, email, locked, nick_name, password, sex, telephone, update_time, user_name) values (?, ?, ?, ?, ?, ?, ?, ?, ?, ?, ?, ?, ?)
2018-05-03 11:54:32.735 [main] DEBUG org.hibernate.SQL - insert into tb_user (address, birthday, create_time, delete_status, description, email, locked, nick_name, password, sex, telephone, update_time, user_name) values (?, ?, ?, ?, ?, ?, ?, ?, ?, ?, ?, ?, ?)
2018-05-03 11:54:32.737 [main] DEBUG org.hibernate.SQL - insert into tb_user (address, birthday, create_time, delete_status, description, email, locked, nick_name, password, sex, telephone, update_time, user_name) values (?, ?, ?, ?, ?, ?, ?, ?, ?, ?, ?, ?, ?)
2018-05-03 11:54:32.739 [main] DEBUG org.hibernate.SQL - insert into tb_user (address, birthday, create_time, delete_status, description, email, locked, nick_name, password, sex, telephone, update_time, user_name) values (?, ?, ?, ?, ?, ?, ?, ?, ?, ?, ?, ?, ?)
2018-05-03 11:54:32.741 [main] DEBUG org.hibernate.SQL - insert into tb_user (address, birthday, create_time, delete_status, description, email, locked, nick_name, password, sex, telephone, update_time, user_name) values (?, ?, ?, ?, ?, ?, ?, ?, ?, ?, ?, ?, ?)
2018-05-03 11:54:32.742 [main] DEBUG org.hibernate.SQL - insert into tb_user (address, birthday, create_time, delete_status, description, email, locked, nick_name, password, sex, telephone, update_time, user_name) values (?, ?, ?, ?, ?, ?, ?, ?, ?, ?, ?, ?, ?)
2018-05-03 11:54:32.745 [main] DEBUG org.hibernate.SQL - insert into tb_user (address, birthday, create_time, delete_status, description, email, locked, nick_name, password, sex, telephone, update_time, user_name) values (?, ?, ?, ?, ?, ?, ?, ?, ?, ?, ?, ?, ?)
2018-05-03 11:54:32.747 [main] DEBUG org.hibernate.SQL - insert into tb_user (address, birthday, create_time, delete_status, description, email, locked, nick_name, password, sex, telephone, update_time, user_name) values (?, ?, ?, ?, ?, ?, ?, ?, ?, ?, ?, ?, ?)
2018-05-03 11:54:32.749 [main] DEBUG org.hibernate.SQL - insert into tb_user (address, birthday, create_time, delete_status, description, email, locked, nick_name, password, sex, telephone, update_time, user_name) values (?, ?, ?, ?, ?, ?, ?, ?, ?, ?, ?, ?, ?)
2018-05-03 11:54:32.750 [main] DEBUG org.hibernate.SQL - insert into tb_user (address, birthday, create_time, delete_status, description, email, locked, nick_name, password, sex, telephone, update_time, user_name) values (?, ?, ?, ?, ?, ?, ?, ?, ?, ?, ?, ?, ?)
2018-05-03 11:54:32.751 [main] DEBUG org.hibernate.SQL - insert into tb_user (address, birthday, create_time, delete_status, description, email, locked, nick_name, password, sex, telephone, update_time, user_name) values (?, ?, ?, ?, ?, ?, ?, ?, ?, ?, ?, ?, ?)
2018-05-03 11:54:32.753 [main] DEBUG org.hibernate.SQL - insert into tb_user (address, birthday, create_time, delete_status, description, email, locked, nick_name, password, sex, telephone, update_time, user_name) values (?, ?, ?, ?, ?, ?, ?, ?, ?, ?, ?, ?, ?)
2018-05-03 11:54:32.754 [main] DEBUG org.hibernate.SQL - insert into tb_user (address, birthday, create_time, delete_status, description, email, locked, nick_name, password, sex, telephone, update_time, user_name) values (?, ?, ?, ?, ?, ?, ?, ?, ?, ?, ?, ?, ?)
2018-05-03 11:54:32.755 [main] DEBUG org.hibernate.SQL - insert into tb_user (address, birthday, create_time, delete_status, description, email, locked, nick_name, password, sex, telephone, update_time, user_name) values (?, ?, ?, ?, ?, ?, ?, ?, ?, ?, ?, ?, ?)
2018-05-03 11:54:32.756 [main] DEBUG org.hibernate.SQL - insert into tb_user (address, birthday, create_time, delete_status, description, email, locked, nick_name, password, sex, telephone, update_time, user_name) values (?, ?, ?, ?, ?, ?, ?, ?, ?, ?, ?, ?, ?)
2018-05-03 11:54:32.757 [main] DEBUG org.hibernate.SQL - insert into tb_user (address, birthday, create_time, delete_status, description, email, locked, nick_name, password, sex, telephone, update_time, user_name) values (?, ?, ?, ?, ?, ?, ?, ?, ?, ?, ?, ?, ?)
2018-05-03 11:54:32.758 [main] DEBUG org.hibernate.SQL - insert into tb_user (address, birthday, create_time, delete_status, description, email, locked, nick_name, password, sex, telephone, update_time, user_name) values (?, ?, ?, ?, ?, ?, ?, ?, ?, ?, ?, ?, ?)
2018-05-03 11:54:32.759 [main] DEBUG org.hibernate.SQL - insert into tb_user (address, birthday, create_time, delete_status, description, email, locked, nick_name, password, sex, telephone, update_time, user_name) values (?, ?, ?, ?, ?, ?, ?, ?, ?, ?, ?, ?, ?)
2018-05-03 11:54:32.761 [main] DEBUG org.hibernate.SQL - insert into tb_user (address, birthday, create_time, delete_status, description, email, locked, nick_name, password, sex, telephone, update_time, user_name) values (?, ?, ?, ?, ?, ?, ?, ?, ?, ?, ?, ?, ?)
2018-05-03 11:54:32.762 [main] DEBUG org.hibernate.SQL - insert into tb_user (address, birthday, create_time, delete_status, description, email, locked, nick_name, password, sex, telephone, update_time, user_name) values (?, ?, ?, ?, ?, ?, ?, ?, ?, ?, ?, ?, ?)
2018-05-03 11:54:32.764 [main] DEBUG org.hibernate.SQL - insert into tb_user (address, birthday, create_time, delete_status, description, email, locked, nick_name, password, sex, telephone, update_time, user_name) values (?, ?, ?, ?, ?, ?, ?, ?, ?, ?, ?, ?, ?)
2018-05-03 11:54:32.765 [main] DEBUG org.hibernate.SQL - insert into tb_user (address, birthday, create_time, delete_status, description, email, locked, nick_name, password, sex, telephone, update_time, user_name) values (?, ?, ?, ?, ?, ?, ?, ?, ?, ?, ?, ?, ?)
2018-05-03 11:54:32.767 [main] DEBUG org.hibernate.SQL - insert into tb_user (address, birthday, create_time, delete_status, description, email, locked, nick_name, password, sex, telephone, update_time, user_name) values (?, ?, ?, ?, ?, ?, ?, ?, ?, ?, ?, ?, ?)
2018-05-03 11:54:32.768 [main] DEBUG org.hibernate.SQL - insert into tb_user (address, birthday, create_time, delete_status, description, email, locked, nick_name, password, sex, telephone, update_time, user_name) values (?, ?, ?, ?, ?, ?, ?, ?, ?, ?, ?, ?, ?)
2018-05-03 11:54:32.770 [main] DEBUG org.hibernate.SQL - insert into tb_user (address, birthday, create_time, delete_status, description, email, locked, nick_name, password, sex, telephone, update_time, user_name) values (?, ?, ?, ?, ?, ?, ?, ?, ?, ?, ?, ?, ?)
2018-05-03 11:54:32.771 [main] DEBUG org.hibernate.SQL - insert into tb_user (address, birthday, create_time, delete_status, description, email, locked, nick_name, password, sex, telephone, update_time, user_name) values (?, ?, ?, ?, ?, ?, ?, ?, ?, ?, ?, ?, ?)
2018-05-03 11:54:32.773 [main] DEBUG org.hibernate.SQL - insert into tb_user (address, birthday, create_time, delete_status, description, email, locked, nick_name, password, sex, telephone, update_time, user_name) values (?, ?, ?, ?, ?, ?, ?, ?, ?, ?, ?, ?, ?)
2018-05-03 11:54:32.774 [main] DEBUG org.hibernate.SQL - insert into tb_user (address, birthday, create_time, delete_status, description, email, locked, nick_name, password, sex, telephone, update_time, user_name) values (?, ?, ?, ?, ?, ?, ?, ?, ?, ?, ?, ?, ?)
2018-05-03 11:54:32.992 [main] DEBUG org.hibernate.SQL - insert into tb_user (address, birthday, create_time, delete_status, description, email, locked, nick_name, password, sex, telephone, update_time, user_name) values (?, ?, ?, ?, ?, ?, ?, ?, ?, ?, ?, ?, ?)
2018-05-03 11:54:32.996 [main] DEBUG org.hibernate.SQL - insert into tb_user (address, birthday, create_time, delete_status, description, email, locked, nick_name, password, sex, telephone, update_time, user_name) values (?, ?, ?, ?, ?, ?, ?, ?, ?, ?, ?, ?, ?)
2018-05-03 11:54:33.000 [main] DEBUG org.hibernate.SQL - insert into tb_user (address, birthday, create_time, delete_status, description, email, locked, nick_name, password, sex, telephone, update_time, user_name) values (?, ?, ?, ?, ?, ?, ?, ?, ?, ?, ?, ?, ?)
2018-05-03 11:54:33.005 [main] DEBUG org.hibernate.SQL - insert into tb_user (address, birthday, create_time, delete_status, description, email, locked, nick_name, password, sex, telephone, update_time, user_name) values (?, ?, ?, ?, ?, ?, ?, ?, ?, ?, ?, ?, ?)
2018-05-03 11:54:33.008 [main] DEBUG org.hibernate.SQL - insert into tb_user (address, birthday, create_time, delete_status, description, email, locked, nick_name, password, sex, telephone, update_time, user_name) values (?, ?, ?, ?, ?, ?, ?, ?, ?, ?, ?, ?, ?)
2018-05-03 11:54:33.012 [main] DEBUG org.hibernate.SQL - insert into tb_user (address, birthday, create_time, delete_status, description, email, locked, nick_name, password, sex, telephone, update_time, user_name) values (?, ?, ?, ?, ?, ?, ?, ?, ?, ?, ?, ?, ?)
2018-05-03 11:54:33.016 [main] DEBUG org.hibernate.SQL - insert into tb_user (address, birthday, create_time, delete_status, description, email, locked, nick_name, password, sex, telephone, update_time, user_name) values (?, ?, ?, ?, ?, ?, ?, ?, ?, ?, ?, ?, ?)
2018-05-03 11:54:33.019 [main] DEBUG org.hibernate.SQL - insert into tb_user (address, birthday, create_time, delete_status, description, email, locked, nick_name, password, sex, telephone, update_time, user_name) values (?, ?, ?, ?, ?, ?, ?, ?, ?, ?, ?, ?, ?)
2018-05-03 11:54:33.021 [main] DEBUG org.hibernate.SQL - insert into tb_user (address, birthday, create_time, delete_status, description, email, locked, nick_name, password, sex, telephone, update_time, user_name) values (?, ?, ?, ?, ?, ?, ?, ?, ?, ?, ?, ?, ?)
2018-05-03 11:54:33.022 [main] DEBUG org.hibernate.SQL - insert into tb_user (address, birthday, create_time, delete_status, description, email, locked, nick_name, password, sex, telephone, update_time, user_name) values (?, ?, ?, ?, ?, ?, ?, ?, ?, ?, ?, ?, ?)
2018-05-03 11:54:33.024 [main] DEBUG org.hibernate.SQL - insert into tb_user (address, birthday, create_time, delete_status, description, email, locked, nick_name, password, sex, telephone, update_time, user_name) values (?, ?, ?, ?, ?, ?, ?, ?, ?, ?, ?, ?, ?)
2018-05-03 11:54:33.025 [main] DEBUG org.hibernate.SQL - insert into tb_user (address, birthday, create_time, delete_status, description, email, locked, nick_name, password, sex, telephone, update_time, user_name) values (?, ?, ?, ?, ?, ?, ?, ?, ?, ?, ?, ?, ?)
2018-05-03 11:54:33.027 [main] DEBUG org.hibernate.SQL - insert into tb_user (address, birthday, create_time, delete_status, description, email, locked, nick_name, password, sex, telephone, update_time, user_name) values (?, ?, ?, ?, ?, ?, ?, ?, ?, ?, ?, ?, ?)
2018-05-03 11:54:33.028 [main] DEBUG org.hibernate.SQL - insert into tb_user (address, birthday, create_time, delete_status, description, email, locked, nick_name, password, sex, telephone, update_time, user_name) values (?, ?, ?, ?, ?, ?, ?, ?, ?, ?, ?, ?, ?)
2018-05-03 11:54:33.030 [main] DEBUG org.hibernate.SQL - insert into tb_user (address, birthday, create_time, delete_status, description, email, locked, nick_name, password, sex, telephone, update_time, user_name) values (?, ?, ?, ?, ?, ?, ?, ?, ?, ?, ?, ?, ?)
2018-05-03 11:54:33.031 [main] DEBUG org.hibernate.SQL - insert into tb_user (address, birthday, create_time, delete_status, description, email, locked, nick_name, password, sex, telephone, update_time, user_name) values (?, ?, ?, ?, ?, ?, ?, ?, ?, ?, ?, ?, ?)
2018-05-03 11:54:33.033 [main] DEBUG org.hibernate.SQL - insert into tb_user (address, birthday, create_time, delete_status, description, email, locked, nick_name, password, sex, telephone, update_time, user_name) values (?, ?, ?, ?, ?, ?, ?, ?, ?, ?, ?, ?, ?)
2018-05-03 11:54:33.034 [main] DEBUG org.hibernate.SQL - insert into tb_user (address, birthday, create_time, delete_status, description, email, locked, nick_name, password, sex, telephone, update_time, user_name) values (?, ?, ?, ?, ?, ?, ?, ?, ?, ?, ?, ?, ?)
2018-05-03 11:54:33.036 [main] DEBUG org.hibernate.SQL - insert into tb_user (address, birthday, create_time, delete_status, description, email, locked, nick_name, password, sex, telephone, update_time, user_name) values (?, ?, ?, ?, ?, ?, ?, ?, ?, ?, ?, ?, ?)
2018-05-03 11:54:33.037 [main] DEBUG org.hibernate.SQL - insert into tb_user (address, birthday, create_time, delete_status, description, email, locked, nick_name, password, sex, telephone, update_time, user_name) values (?, ?, ?, ?, ?, ?, ?, ?, ?, ?, ?, ?, ?)
2018-05-03 11:54:33.039 [main] DEBUG org.hibernate.SQL - insert into tb_user (address, birthday, create_time, delete_status, description, email, locked, nick_name, password, sex, telephone, update_time, user_name) values (?, ?, ?, ?, ?, ?, ?, ?, ?, ?, ?, ?, ?)
2018-05-03 11:54:33.040 [main] DEBUG org.hibernate.SQL - insert into tb_user (address, birthday, create_time, delete_status, description, email, locked, nick_name, password, sex, telephone, update_time, user_name) values (?, ?, ?, ?, ?, ?, ?, ?, ?, ?, ?, ?, ?)
2018-05-03 11:54:33.042 [main] DEBUG org.hibernate.SQL - insert into tb_user (address, birthday, create_time, delete_status, description, email, locked, nick_name, password, sex, telephone, update_time, user_name) values (?, ?, ?, ?, ?, ?, ?, ?, ?, ?, ?, ?, ?)
2018-05-03 11:54:33.043 [main] DEBUG org.hibernate.SQL - insert into tb_user (address, birthday, create_time, delete_status, description, email, locked, nick_name, password, sex, telephone, update_time, user_name) values (?, ?, ?, ?, ?, ?, ?, ?, ?, ?, ?, ?, ?)
2018-05-03 11:54:33.045 [main] DEBUG org.hibernate.SQL - insert into tb_user (address, birthday, create_time, delete_status, description, email, locked, nick_name, password, sex, telephone, update_time, user_name) values (?, ?, ?, ?, ?, ?, ?, ?, ?, ?, ?, ?, ?)
2018-05-03 11:54:33.046 [main] DEBUG org.hibernate.SQL - insert into tb_user (address, birthday, create_time, delete_status, description, email, locked, nick_name, password, sex, telephone, update_time, user_name) values (?, ?, ?, ?, ?, ?, ?, ?, ?, ?, ?, ?, ?)
2018-05-03 11:54:33.048 [main] DEBUG org.hibernate.SQL - insert into tb_user (address, birthday, create_time, delete_status, description, email, locked, nick_name, password, sex, telephone, update_time, user_name) values (?, ?, ?, ?, ?, ?, ?, ?, ?, ?, ?, ?, ?)
2018-05-03 11:54:33.049 [main] DEBUG org.hibernate.SQL - insert into tb_user (address, birthday, create_time, delete_status, description, email, locked, nick_name, password, sex, telephone, update_time, user_name) values (?, ?, ?, ?, ?, ?, ?, ?, ?, ?, ?, ?, ?)
2018-05-03 11:54:33.074 [main] DEBUG org.hibernate.SQL - insert into tb_user (address, birthday, create_time, delete_status, description, email, locked, nick_name, password, sex, telephone, update_time, user_name) values (?, ?, ?, ?, ?, ?, ?, ?, ?, ?, ?, ?, ?)
2018-05-03 11:54:33.075 [main] DEBUG org.hibernate.SQL - insert into tb_user (address, birthday, create_time, delete_status, description, email, locked, nick_name, password, sex, telephone, update_time, user_name) values (?, ?, ?, ?, ?, ?, ?, ?, ?, ?, ?, ?, ?)
2018-05-03 11:54:33.076 [main] DEBUG org.hibernate.SQL - insert into tb_user (address, birthday, create_time, delete_status, description, email, locked, nick_name, password, sex, telephone, update_time, user_name) values (?, ?, ?, ?, ?, ?, ?, ?, ?, ?, ?, ?, ?)
2018-05-03 11:54:33.077 [main] DEBUG org.hibernate.SQL - insert into tb_user (address, birthday, create_time, delete_status, description, email, locked, nick_name, password, sex, telephone, update_time, user_name) values (?, ?, ?, ?, ?, ?, ?, ?, ?, ?, ?, ?, ?)
2018-05-03 11:54:33.078 [main] DEBUG org.hibernate.SQL - insert into tb_user (address, birthday, create_time, delete_status, description, email, locked, nick_name, password, sex, telephone, update_time, user_name) values (?, ?, ?, ?, ?, ?, ?, ?, ?, ?, ?, ?, ?)
2018-05-03 11:54:33.079 [main] DEBUG org.hibernate.SQL - insert into tb_user (address, birthday, create_time, delete_status, description, email, locked, nick_name, password, sex, telephone, update_time, user_name) values (?, ?, ?, ?, ?, ?, ?, ?, ?, ?, ?, ?, ?)
2018-05-03 11:54:33.079 [main] DEBUG org.hibernate.SQL - insert into tb_user (address, birthday, create_time, delete_status, description, email, locked, nick_name, password, sex, telephone, update_time, user_name) values (?, ?, ?, ?, ?, ?, ?, ?, ?, ?, ?, ?, ?)
2018-05-03 11:54:33.081 [main] DEBUG org.hibernate.SQL - insert into tb_user (address, birthday, create_time, delete_status, description, email, locked, nick_name, password, sex, telephone, update_time, user_name) values (?, ?, ?, ?, ?, ?, ?, ?, ?, ?, ?, ?, ?)
2018-05-03 11:54:33.082 [main] DEBUG org.hibernate.SQL - insert into tb_user (address, birthday, create_time, delete_status, description, email, locked, nick_name, password, sex, telephone, update_time, user_name) values (?, ?, ?, ?, ?, ?, ?, ?, ?, ?, ?, ?, ?)
2018-05-03 11:54:33.082 [main] DEBUG org.hibernate.SQL - insert into tb_user (address, birthday, create_time, delete_status, description, email, locked, nick_name, password, sex, telephone, update_time, user_name) values (?, ?, ?, ?, ?, ?, ?, ?, ?, ?, ?, ?, ?)
2018-05-03 11:54:33.083 [main] DEBUG org.hibernate.SQL - insert into tb_user (address, birthday, create_time, delete_status, description, email, locked, nick_name, password, sex, telephone, update_time, user_name) values (?, ?, ?, ?, ?, ?, ?, ?, ?, ?, ?, ?, ?)
2018-05-03 11:54:33.084 [main] DEBUG org.hibernate.SQL - insert into tb_user (address, birthday, create_time, delete_status, description, email, locked, nick_name, password, sex, telephone, update_time, user_name) values (?, ?, ?, ?, ?, ?, ?, ?, ?, ?, ?, ?, ?)
2018-05-03 11:54:33.085 [main] DEBUG org.hibernate.SQL - insert into tb_user (address, birthday, create_time, delete_status, description, email, locked, nick_name, password, sex, telephone, update_time, user_name) values (?, ?, ?, ?, ?, ?, ?, ?, ?, ?, ?, ?, ?)
2018-05-03 11:54:33.086 [main] DEBUG org.hibernate.SQL - insert into tb_user (address, birthday, create_time, delete_status, description, email, locked, nick_name, password, sex, telephone, update_time, user_name) values (?, ?, ?, ?, ?, ?, ?, ?, ?, ?, ?, ?, ?)
2018-05-03 11:54:33.087 [main] DEBUG org.hibernate.SQL - insert into tb_user (address, birthday, create_time, delete_status, description, email, locked, nick_name, password, sex, telephone, update_time, user_name) values (?, ?, ?, ?, ?, ?, ?, ?, ?, ?, ?, ?, ?)
2018-05-03 11:54:33.087 [main] DEBUG org.hibernate.SQL - insert into tb_user (address, birthday, create_time, delete_status, description, email, locked, nick_name, password, sex, telephone, update_time, user_name) values (?, ?, ?, ?, ?, ?, ?, ?, ?, ?, ?, ?, ?)
2018-05-03 11:54:33.088 [main] DEBUG org.hibernate.SQL - insert into tb_user (address, birthday, create_time, delete_status, description, email, locked, nick_name, password, sex, telephone, update_time, user_name) values (?, ?, ?, ?, ?, ?, ?, ?, ?, ?, ?, ?, ?)
2018-05-03 11:54:33.089 [main] DEBUG org.hibernate.SQL - insert into tb_user (address, birthday, create_time, delete_status, description, email, locked, nick_name, password, sex, telephone, update_time, user_name) values (?, ?, ?, ?, ?, ?, ?, ?, ?, ?, ?, ?, ?)
2018-05-03 11:54:33.089 [main] DEBUG org.hibernate.SQL - insert into tb_user (address, birthday, create_time, delete_status, description, email, locked, nick_name, password, sex, telephone, update_time, user_name) values (?, ?, ?, ?, ?, ?, ?, ?, ?, ?, ?, ?, ?)
2018-05-03 11:54:33.090 [main] DEBUG org.hibernate.SQL - insert into tb_user (address, birthday, create_time, delete_status, description, email, locked, nick_name, password, sex, telephone, update_time, user_name) values (?, ?, ?, ?, ?, ?, ?, ?, ?, ?, ?, ?, ?)
2018-05-03 11:54:33.091 [main] DEBUG org.hibernate.SQL - insert into tb_user (address, birthday, create_time, delete_status, description, email, locked, nick_name, password, sex, telephone, update_time, user_name) values (?, ?, ?, ?, ?, ?, ?, ?, ?, ?, ?, ?, ?)
2018-05-03 11:54:33.091 [main] DEBUG org.hibernate.SQL - insert into tb_user (address, birthday, create_time, delete_status, description, email, locked, nick_name, password, sex, telephone, update_time, user_name) values (?, ?, ?, ?, ?, ?, ?, ?, ?, ?, ?, ?, ?)
2018-05-03 11:54:33.092 [main] DEBUG org.hibernate.SQL - insert into tb_user (address, birthday, create_time, delete_status, description, email, locked, nick_name, password, sex, telephone, update_time, user_name) values (?, ?, ?, ?, ?, ?, ?, ?, ?, ?, ?, ?, ?)
2018-05-03 11:54:33.093 [main] DEBUG org.hibernate.SQL - insert into tb_user (address, birthday, create_time, delete_status, description, email, locked, nick_name, password, sex, telephone, update_time, user_name) values (?, ?, ?, ?, ?, ?, ?, ?, ?, ?, ?, ?, ?)
2018-05-03 11:54:33.094 [main] DEBUG org.hibernate.SQL - insert into tb_user (address, birthday, create_time, delete_status, description, email, locked, nick_name, password, sex, telephone, update_time, user_name) values (?, ?, ?, ?, ?, ?, ?, ?, ?, ?, ?, ?, ?)
2018-05-03 11:54:33.095 [main] DEBUG org.hibernate.SQL - insert into tb_user (address, birthday, create_time, delete_status, description, email, locked, nick_name, password, sex, telephone, update_time, user_name) values (?, ?, ?, ?, ?, ?, ?, ?, ?, ?, ?, ?, ?)
2018-05-03 11:54:33.096 [main] DEBUG org.hibernate.SQL - insert into tb_user (address, birthday, create_time, delete_status, description, email, locked, nick_name, password, sex, telephone, update_time, user_name) values (?, ?, ?, ?, ?, ?, ?, ?, ?, ?, ?, ?, ?)
2018-05-03 11:54:33.097 [main] DEBUG org.hibernate.SQL - insert into tb_user (address, birthday, create_time, delete_status, description, email, locked, nick_name, password, sex, telephone, update_time, user_name) values (?, ?, ?, ?, ?, ?, ?, ?, ?, ?, ?, ?, ?)
2018-05-03 11:54:33.098 [main] DEBUG org.hibernate.SQL - insert into tb_user (address, birthday, create_time, delete_status, description, email, locked, nick_name, password, sex, telephone, update_time, user_name) values (?, ?, ?, ?, ?, ?, ?, ?, ?, ?, ?, ?, ?)
2018-05-03 11:54:33.099 [main] DEBUG org.hibernate.SQL - insert into tb_user (address, birthday, create_time, delete_status, description, email, locked, nick_name, password, sex, telephone, update_time, user_name) values (?, ?, ?, ?, ?, ?, ?, ?, ?, ?, ?, ?, ?)
2018-05-03 11:54:33.100 [main] DEBUG org.hibernate.SQL - insert into tb_user (address, birthday, create_time, delete_status, description, email, locked, nick_name, password, sex, telephone, update_time, user_name) values (?, ?, ?, ?, ?, ?, ?, ?, ?, ?, ?, ?, ?)
2018-05-03 11:54:33.101 [main] DEBUG org.hibernate.SQL - insert into tb_user (address, birthday, create_time, delete_status, description, email, locked, nick_name, password, sex, telephone, update_time, user_name) values (?, ?, ?, ?, ?, ?, ?, ?, ?, ?, ?, ?, ?)
2018-05-03 11:54:33.102 [main] DEBUG org.hibernate.SQL - insert into tb_user (address, birthday, create_time, delete_status, description, email, locked, nick_name, password, sex, telephone, update_time, user_name) values (?, ?, ?, ?, ?, ?, ?, ?, ?, ?, ?, ?, ?)
2018-05-03 11:54:33.103 [main] DEBUG org.hibernate.SQL - insert into tb_user (address, birthday, create_time, delete_status, description, email, locked, nick_name, password, sex, telephone, update_time, user_name) values (?, ?, ?, ?, ?, ?, ?, ?, ?, ?, ?, ?, ?)
2018-05-03 11:54:33.269 [main] DEBUG org.hibernate.SQL - insert into tb_user (address, birthday, create_time, delete_status, description, email, locked, nick_name, password, sex, telephone, update_time, user_name) values (?, ?, ?, ?, ?, ?, ?, ?, ?, ?, ?, ?, ?)
2018-05-03 11:54:33.272 [main] DEBUG org.hibernate.SQL - insert into tb_user (address, birthday, create_time, delete_status, description, email, locked, nick_name, password, sex, telephone, update_time, user_name) values (?, ?, ?, ?, ?, ?, ?, ?, ?, ?, ?, ?, ?)
2018-05-03 11:54:33.274 [main] DEBUG org.hibernate.SQL - insert into tb_user (address, birthday, create_time, delete_status, description, email, locked, nick_name, password, sex, telephone, update_time, user_name) values (?, ?, ?, ?, ?, ?, ?, ?, ?, ?, ?, ?, ?)
2018-05-03 11:54:33.277 [main] DEBUG org.hibernate.SQL - insert into tb_user (address, birthday, create_time, delete_status, description, email, locked, nick_name, password, sex, telephone, update_time, user_name) values (?, ?, ?, ?, ?, ?, ?, ?, ?, ?, ?, ?, ?)
2018-05-03 11:54:33.279 [main] DEBUG org.hibernate.SQL - insert into tb_user (address, birthday, create_time, delete_status, description, email, locked, nick_name, password, sex, telephone, update_time, user_name) values (?, ?, ?, ?, ?, ?, ?, ?, ?, ?, ?, ?, ?)
2018-05-03 11:54:33.282 [main] DEBUG org.hibernate.SQL - insert into tb_user (address, birthday, create_time, delete_status, description, email, locked, nick_name, password, sex, telephone, update_time, user_name) values (?, ?, ?, ?, ?, ?, ?, ?, ?, ?, ?, ?, ?)
2018-05-03 11:54:33.284 [main] DEBUG org.hibernate.SQL - insert into tb_user (address, birthday, create_time, delete_status, description, email, locked, nick_name, password, sex, telephone, update_time, user_name) values (?, ?, ?, ?, ?, ?, ?, ?, ?, ?, ?, ?, ?)
2018-05-03 11:54:33.287 [main] DEBUG org.hibernate.SQL - insert into tb_user (address, birthday, create_time, delete_status, description, email, locked, nick_name, password, sex, telephone, update_time, user_name) values (?, ?, ?, ?, ?, ?, ?, ?, ?, ?, ?, ?, ?)
2018-05-03 11:54:33.289 [main] DEBUG org.hibernate.SQL - insert into tb_user (address, birthday, create_time, delete_status, description, email, locked, nick_name, password, sex, telephone, update_time, user_name) values (?, ?, ?, ?, ?, ?, ?, ?, ?, ?, ?, ?, ?)
2018-05-03 11:54:33.290 [main] DEBUG org.hibernate.SQL - insert into tb_user (address, birthday, create_time, delete_status, description, email, locked, nick_name, password, sex, telephone, update_time, user_name) values (?, ?, ?, ?, ?, ?, ?, ?, ?, ?, ?, ?, ?)
2018-05-03 11:54:33.292 [main] DEBUG org.hibernate.SQL - insert into tb_user (address, birthday, create_time, delete_status, description, email, locked, nick_name, password, sex, telephone, update_time, user_name) values (?, ?, ?, ?, ?, ?, ?, ?, ?, ?, ?, ?, ?)
2018-05-03 11:54:33.293 [main] DEBUG org.hibernate.SQL - insert into tb_user (address, birthday, create_time, delete_status, description, email, locked, nick_name, password, sex, telephone, update_time, user_name) values (?, ?, ?, ?, ?, ?, ?, ?, ?, ?, ?, ?, ?)
2018-05-03 11:54:33.296 [main] DEBUG org.hibernate.SQL - insert into tb_user (address, birthday, create_time, delete_status, description, email, locked, nick_name, password, sex, telephone, update_time, user_name) values (?, ?, ?, ?, ?, ?, ?, ?, ?, ?, ?, ?, ?)
2018-05-03 11:54:33.298 [main] DEBUG org.hibernate.SQL - insert into tb_user (address, birthday, create_time, delete_status, description, email, locked, nick_name, password, sex, telephone, update_time, user_name) values (?, ?, ?, ?, ?, ?, ?, ?, ?, ?, ?, ?, ?)
2018-05-03 11:54:33.299 [main] DEBUG org.hibernate.SQL - insert into tb_user (address, birthday, create_time, delete_status, description, email, locked, nick_name, password, sex, telephone, update_time, user_name) values (?, ?, ?, ?, ?, ?, ?, ?, ?, ?, ?, ?, ?)
2018-05-03 11:54:33.300 [main] DEBUG org.hibernate.SQL - insert into tb_user (address, birthday, create_time, delete_status, description, email, locked, nick_name, password, sex, telephone, update_time, user_name) values (?, ?, ?, ?, ?, ?, ?, ?, ?, ?, ?, ?, ?)
2018-05-03 11:54:33.302 [main] DEBUG org.hibernate.SQL - insert into tb_user (address, birthday, create_time, delete_status, description, email, locked, nick_name, password, sex, telephone, update_time, user_name) values (?, ?, ?, ?, ?, ?, ?, ?, ?, ?, ?, ?, ?)
2018-05-03 11:54:33.303 [main] DEBUG org.hibernate.SQL - insert into tb_user (address, birthday, create_time, delete_status, description, email, locked, nick_name, password, sex, telephone, update_time, user_name) values (?, ?, ?, ?, ?, ?, ?, ?, ?, ?, ?, ?, ?)
2018-05-03 11:54:33.305 [main] DEBUG org.hibernate.SQL - insert into tb_user (address, birthday, create_time, delete_status, description, email, locked, nick_name, password, sex, telephone, update_time, user_name) values (?, ?, ?, ?, ?, ?, ?, ?, ?, ?, ?, ?, ?)
2018-05-03 11:54:33.306 [main] DEBUG org.hibernate.SQL - insert into tb_user (address, birthday, create_time, delete_status, description, email, locked, nick_name, password, sex, telephone, update_time, user_name) values (?, ?, ?, ?, ?, ?, ?, ?, ?, ?, ?, ?, ?)
2018-05-03 11:54:33.308 [main] DEBUG org.hibernate.SQL - insert into tb_user (address, birthday, create_time, delete_status, description, email, locked, nick_name, password, sex, telephone, update_time, user_name) values (?, ?, ?, ?, ?, ?, ?, ?, ?, ?, ?, ?, ?)
2018-05-03 11:54:33.309 [main] DEBUG org.hibernate.SQL - insert into tb_user (address, birthday, create_time, delete_status, description, email, locked, nick_name, password, sex, telephone, update_time, user_name) values (?, ?, ?, ?, ?, ?, ?, ?, ?, ?, ?, ?, ?)
2018-05-03 11:54:33.310 [main] DEBUG org.hibernate.SQL - insert into tb_user (address, birthday, create_time, delete_status, description, email, locked, nick_name, password, sex, telephone, update_time, user_name) values (?, ?, ?, ?, ?, ?, ?, ?, ?, ?, ?, ?, ?)
2018-05-03 11:54:33.312 [main] DEBUG org.hibernate.SQL - insert into tb_user (address, birthday, create_time, delete_status, description, email, locked, nick_name, password, sex, telephone, update_time, user_name) values (?, ?, ?, ?, ?, ?, ?, ?, ?, ?, ?, ?, ?)
2018-05-03 11:54:33.313 [main] DEBUG org.hibernate.SQL - insert into tb_user (address, birthday, create_time, delete_status, description, email, locked, nick_name, password, sex, telephone, update_time, user_name) values (?, ?, ?, ?, ?, ?, ?, ?, ?, ?, ?, ?, ?)
2018-05-03 11:54:33.315 [main] DEBUG org.hibernate.SQL - insert into tb_user (address, birthday, create_time, delete_status, description, email, locked, nick_name, password, sex, telephone, update_time, user_name) values (?, ?, ?, ?, ?, ?, ?, ?, ?, ?, ?, ?, ?)
2018-05-03 11:54:33.316 [main] DEBUG org.hibernate.SQL - insert into tb_user (address, birthday, create_time, delete_status, description, email, locked, nick_name, password, sex, telephone, update_time, user_name) values (?, ?, ?, ?, ?, ?, ?, ?, ?, ?, ?, ?, ?)
2018-05-03 11:54:33.317 [main] DEBUG org.hibernate.SQL - insert into tb_user (address, birthday, create_time, delete_status, description, email, locked, nick_name, password, sex, telephone, update_time, user_name) values (?, ?, ?, ?, ?, ?, ?, ?, ?, ?, ?, ?, ?)
2018-05-03 11:54:33.319 [main] DEBUG org.hibernate.SQL - insert into tb_user (address, birthday, create_time, delete_status, description, email, locked, nick_name, password, sex, telephone, update_time, user_name) values (?, ?, ?, ?, ?, ?, ?, ?, ?, ?, ?, ?, ?)
2018-05-03 11:54:33.319 [main] DEBUG org.hibernate.SQL - insert into tb_user (address, birthday, create_time, delete_status, description, email, locked, nick_name, password, sex, telephone, update_time, user_name) values (?, ?, ?, ?, ?, ?, ?, ?, ?, ?, ?, ?, ?)
2018-05-03 11:54:33.320 [main] DEBUG org.hibernate.SQL - insert into tb_user (address, birthday, create_time, delete_status, description, email, locked, nick_name, password, sex, telephone, update_time, user_name) values (?, ?, ?, ?, ?, ?, ?, ?, ?, ?, ?, ?, ?)
2018-05-03 11:54:33.321 [main] DEBUG org.hibernate.SQL - insert into tb_user (address, birthday, create_time, delete_status, description, email, locked, nick_name, password, sex, telephone, update_time, user_name) values (?, ?, ?, ?, ?, ?, ?, ?, ?, ?, ?, ?, ?)
2018-05-03 11:54:33.322 [main] DEBUG org.hibernate.SQL - insert into tb_user (address, birthday, create_time, delete_status, description, email, locked, nick_name, password, sex, telephone, update_time, user_name) values (?, ?, ?, ?, ?, ?, ?, ?, ?, ?, ?, ?, ?)
2018-05-03 11:54:33.323 [main] DEBUG org.hibernate.SQL - insert into tb_user (address, birthday, create_time, delete_status, description, email, locked, nick_name, password, sex, telephone, update_time, user_name) values (?, ?, ?, ?, ?, ?, ?, ?, ?, ?, ?, ?, ?)
2018-05-03 11:54:33.324 [main] DEBUG org.hibernate.SQL - insert into tb_user (address, birthday, create_time, delete_status, description, email, locked, nick_name, password, sex, telephone, update_time, user_name) values (?, ?, ?, ?, ?, ?, ?, ?, ?, ?, ?, ?, ?)
2018-05-03 11:54:33.325 [main] DEBUG org.hibernate.SQL - insert into tb_user (address, birthday, create_time, delete_status, description, email, locked, nick_name, password, sex, telephone, update_time, user_name) values (?, ?, ?, ?, ?, ?, ?, ?, ?, ?, ?, ?, ?)
2018-05-03 11:54:33.325 [main] DEBUG org.hibernate.SQL - insert into tb_user (address, birthday, create_time, delete_status, description, email, locked, nick_name, password, sex, telephone, update_time, user_name) values (?, ?, ?, ?, ?, ?, ?, ?, ?, ?, ?, ?, ?)
2018-05-03 11:54:33.326 [main] DEBUG org.hibernate.SQL - insert into tb_user (address, birthday, create_time, delete_status, description, email, locked, nick_name, password, sex, telephone, update_time, user_name) values (?, ?, ?, ?, ?, ?, ?, ?, ?, ?, ?, ?, ?)
2018-05-03 11:54:33.327 [main] DEBUG org.hibernate.SQL - insert into tb_user (address, birthday, create_time, delete_status, description, email, locked, nick_name, password, sex, telephone, update_time, user_name) values (?, ?, ?, ?, ?, ?, ?, ?, ?, ?, ?, ?, ?)
2018-05-03 11:54:33.328 [main] DEBUG org.hibernate.SQL - insert into tb_user (address, birthday, create_time, delete_status, description, email, locked, nick_name, password, sex, telephone, update_time, user_name) values (?, ?, ?, ?, ?, ?, ?, ?, ?, ?, ?, ?, ?)
2018-05-03 11:54:33.329 [main] DEBUG org.hibernate.SQL - insert into tb_user (address, birthday, create_time, delete_status, description, email, locked, nick_name, password, sex, telephone, update_time, user_name) values (?, ?, ?, ?, ?, ?, ?, ?, ?, ?, ?, ?, ?)
2018-05-03 11:54:33.329 [main] DEBUG org.hibernate.SQL - insert into tb_user (address, birthday, create_time, delete_status, description, email, locked, nick_name, password, sex, telephone, update_time, user_name) values (?, ?, ?, ?, ?, ?, ?, ?, ?, ?, ?, ?, ?)
2018-05-03 11:54:33.330 [main] DEBUG org.hibernate.SQL - insert into tb_user (address, birthday, create_time, delete_status, description, email, locked, nick_name, password, sex, telephone, update_time, user_name) values (?, ?, ?, ?, ?, ?, ?, ?, ?, ?, ?, ?, ?)
2018-05-03 11:54:33.331 [main] DEBUG org.hibernate.SQL - insert into tb_user (address, birthday, create_time, delete_status, description, email, locked, nick_name, password, sex, telephone, update_time, user_name) values (?, ?, ?, ?, ?, ?, ?, ?, ?, ?, ?, ?, ?)
2018-05-03 11:54:33.331 [main] DEBUG org.hibernate.SQL - insert into tb_user (address, birthday, create_time, delete_status, description, email, locked, nick_name, password, sex, telephone, update_time, user_name) values (?, ?, ?, ?, ?, ?, ?, ?, ?, ?, ?, ?, ?)
2018-05-03 11:54:33.332 [main] DEBUG org.hibernate.SQL - insert into tb_user (address, birthday, create_time, delete_status, description, email, locked, nick_name, password, sex, telephone, update_time, user_name) values (?, ?, ?, ?, ?, ?, ?, ?, ?, ?, ?, ?, ?)
2018-05-03 11:54:33.332 [main] DEBUG org.hibernate.SQL - insert into tb_user (address, birthday, create_time, delete_status, description, email, locked, nick_name, password, sex, telephone, update_time, user_name) values (?, ?, ?, ?, ?, ?, ?, ?, ?, ?, ?, ?, ?)
2018-05-03 11:54:33.333 [main] DEBUG org.hibernate.SQL - insert into tb_user (address, birthday, create_time, delete_status, description, email, locked, nick_name, password, sex, telephone, update_time, user_name) values (?, ?, ?, ?, ?, ?, ?, ?, ?, ?, ?, ?, ?)
2018-05-03 11:54:33.334 [main] DEBUG org.hibernate.SQL - insert into tb_user (address, birthday, create_time, delete_status, description, email, locked, nick_name, password, sex, telephone, update_time, user_name) values (?, ?, ?, ?, ?, ?, ?, ?, ?, ?, ?, ?, ?)
2018-05-03 11:54:33.334 [main] DEBUG org.hibernate.SQL - insert into tb_user (address, birthday, create_time, delete_status, description, email, locked, nick_name, password, sex, telephone, update_time, user_name) values (?, ?, ?, ?, ?, ?, ?, ?, ?, ?, ?, ?, ?)
2018-05-03 11:54:33.335 [main] DEBUG org.hibernate.SQL - insert into tb_user (address, birthday, create_time, delete_status, description, email, locked, nick_name, password, sex, telephone, update_time, user_name) values (?, ?, ?, ?, ?, ?, ?, ?, ?, ?, ?, ?, ?)
2018-05-03 11:54:33.336 [main] DEBUG org.hibernate.SQL - insert into tb_user (address, birthday, create_time, delete_status, description, email, locked, nick_name, password, sex, telephone, update_time, user_name) values (?, ?, ?, ?, ?, ?, ?, ?, ?, ?, ?, ?, ?)
2018-05-03 11:54:33.336 [main] DEBUG org.hibernate.SQL - insert into tb_user (address, birthday, create_time, delete_status, description, email, locked, nick_name, password, sex, telephone, update_time, user_name) values (?, ?, ?, ?, ?, ?, ?, ?, ?, ?, ?, ?, ?)
2018-05-03 11:54:33.337 [main] DEBUG org.hibernate.SQL - insert into tb_user (address, birthday, create_time, delete_status, description, email, locked, nick_name, password, sex, telephone, update_time, user_name) values (?, ?, ?, ?, ?, ?, ?, ?, ?, ?, ?, ?, ?)
2018-05-03 11:54:33.338 [main] DEBUG org.hibernate.SQL - insert into tb_user (address, birthday, create_time, delete_status, description, email, locked, nick_name, password, sex, telephone, update_time, user_name) values (?, ?, ?, ?, ?, ?, ?, ?, ?, ?, ?, ?, ?)
2018-05-03 11:54:33.338 [main] DEBUG org.hibernate.SQL - insert into tb_user (address, birthday, create_time, delete_status, description, email, locked, nick_name, password, sex, telephone, update_time, user_name) values (?, ?, ?, ?, ?, ?, ?, ?, ?, ?, ?, ?, ?)
2018-05-03 11:54:33.339 [main] DEBUG org.hibernate.SQL - insert into tb_user (address, birthday, create_time, delete_status, description, email, locked, nick_name, password, sex, telephone, update_time, user_name) values (?, ?, ?, ?, ?, ?, ?, ?, ?, ?, ?, ?, ?)
2018-05-03 11:54:33.339 [main] DEBUG org.hibernate.SQL - insert into tb_user (address, birthday, create_time, delete_status, description, email, locked, nick_name, password, sex, telephone, update_time, user_name) values (?, ?, ?, ?, ?, ?, ?, ?, ?, ?, ?, ?, ?)
2018-05-03 11:54:33.340 [main] DEBUG org.hibernate.SQL - insert into tb_user (address, birthday, create_time, delete_status, description, email, locked, nick_name, password, sex, telephone, update_time, user_name) values (?, ?, ?, ?, ?, ?, ?, ?, ?, ?, ?, ?, ?)
2018-05-03 11:54:33.341 [main] DEBUG org.hibernate.SQL - insert into tb_user (address, birthday, create_time, delete_status, description, email, locked, nick_name, password, sex, telephone, update_time, user_name) values (?, ?, ?, ?, ?, ?, ?, ?, ?, ?, ?, ?, ?)
2018-05-03 11:54:33.564 [main] DEBUG org.hibernate.SQL - insert into tb_user (address, birthday, create_time, delete_status, description, email, locked, nick_name, password, sex, telephone, update_time, user_name) values (?, ?, ?, ?, ?, ?, ?, ?, ?, ?, ?, ?, ?)
2018-05-03 11:54:33.567 [main] DEBUG org.hibernate.SQL - insert into tb_user (address, birthday, create_time, delete_status, description, email, locked, nick_name, password, sex, telephone, update_time, user_name) values (?, ?, ?, ?, ?, ?, ?, ?, ?, ?, ?, ?, ?)
2018-05-03 11:54:33.570 [main] DEBUG org.hibernate.SQL - insert into tb_user (address, birthday, create_time, delete_status, description, email, locked, nick_name, password, sex, telephone, update_time, user_name) values (?, ?, ?, ?, ?, ?, ?, ?, ?, ?, ?, ?, ?)
2018-05-03 11:54:33.573 [main] DEBUG org.hibernate.SQL - insert into tb_user (address, birthday, create_time, delete_status, description, email, locked, nick_name, password, sex, telephone, update_time, user_name) values (?, ?, ?, ?, ?, ?, ?, ?, ?, ?, ?, ?, ?)
2018-05-03 11:54:33.819 [main] DEBUG org.hibernate.SQL - insert into tb_user (address, birthday, create_time, delete_status, description, email, locked, nick_name, password, sex, telephone, update_time, user_name) values (?, ?, ?, ?, ?, ?, ?, ?, ?, ?, ?, ?, ?)
2018-05-03 11:54:33.821 [main] DEBUG org.hibernate.SQL - insert into tb_user (address, birthday, create_time, delete_status, description, email, locked, nick_name, password, sex, telephone, update_time, user_name) values (?, ?, ?, ?, ?, ?, ?, ?, ?, ?, ?, ?, ?)
2018-05-03 11:54:33.823 [main] DEBUG org.hibernate.SQL - insert into tb_user (address, birthday, create_time, delete_status, description, email, locked, nick_name, password, sex, telephone, update_time, user_name) values (?, ?, ?, ?, ?, ?, ?, ?, ?, ?, ?, ?, ?)
2018-05-03 11:54:33.825 [main] DEBUG org.hibernate.SQL - insert into tb_user (address, birthday, create_time, delete_status, description, email, locked, nick_name, password, sex, telephone, update_time, user_name) values (?, ?, ?, ?, ?, ?, ?, ?, ?, ?, ?, ?, ?)
2018-05-03 11:54:33.827 [main] DEBUG org.hibernate.SQL - insert into tb_user (address, birthday, create_time, delete_status, description, email, locked, nick_name, password, sex, telephone, update_time, user_name) values (?, ?, ?, ?, ?, ?, ?, ?, ?, ?, ?, ?, ?)
2018-05-03 11:54:33.829 [main] DEBUG org.hibernate.SQL - insert into tb_user (address, birthday, create_time, delete_status, description, email, locked, nick_name, password, sex, telephone, update_time, user_name) values (?, ?, ?, ?, ?, ?, ?, ?, ?, ?, ?, ?, ?)
2018-05-03 11:54:33.831 [main] DEBUG org.hibernate.SQL - insert into tb_user (address, birthday, create_time, delete_status, description, email, locked, nick_name, password, sex, telephone, update_time, user_name) values (?, ?, ?, ?, ?, ?, ?, ?, ?, ?, ?, ?, ?)
2018-05-03 11:54:33.834 [main] DEBUG org.hibernate.SQL - insert into tb_user (address, birthday, create_time, delete_status, description, email, locked, nick_name, password, sex, telephone, update_time, user_name) values (?, ?, ?, ?, ?, ?, ?, ?, ?, ?, ?, ?, ?)
2018-05-03 11:54:33.836 [main] DEBUG org.hibernate.SQL - insert into tb_user (address, birthday, create_time, delete_status, description, email, locked, nick_name, password, sex, telephone, update_time, user_name) values (?, ?, ?, ?, ?, ?, ?, ?, ?, ?, ?, ?, ?)
2018-05-03 11:54:33.838 [main] DEBUG org.hibernate.SQL - insert into tb_user (address, birthday, create_time, delete_status, description, email, locked, nick_name, password, sex, telephone, update_time, user_name) values (?, ?, ?, ?, ?, ?, ?, ?, ?, ?, ?, ?, ?)
2018-05-03 11:54:33.840 [main] DEBUG org.hibernate.SQL - insert into tb_user (address, birthday, create_time, delete_status, description, email, locked, nick_name, password, sex, telephone, update_time, user_name) values (?, ?, ?, ?, ?, ?, ?, ?, ?, ?, ?, ?, ?)
2018-05-03 11:54:33.842 [main] DEBUG org.hibernate.SQL - insert into tb_user (address, birthday, create_time, delete_status, description, email, locked, nick_name, password, sex, telephone, update_time, user_name) values (?, ?, ?, ?, ?, ?, ?, ?, ?, ?, ?, ?, ?)
2018-05-03 11:54:33.844 [main] DEBUG org.hibernate.SQL - insert into tb_user (address, birthday, create_time, delete_status, description, email, locked, nick_name, password, sex, telephone, update_time, user_name) values (?, ?, ?, ?, ?, ?, ?, ?, ?, ?, ?, ?, ?)
2018-05-03 11:54:33.846 [main] DEBUG org.hibernate.SQL - insert into tb_user (address, birthday, create_time, delete_status, description, email, locked, nick_name, password, sex, telephone, update_time, user_name) values (?, ?, ?, ?, ?, ?, ?, ?, ?, ?, ?, ?, ?)
2018-05-03 11:54:33.848 [main] DEBUG org.hibernate.SQL - insert into tb_user (address, birthday, create_time, delete_status, description, email, locked, nick_name, password, sex, telephone, update_time, user_name) values (?, ?, ?, ?, ?, ?, ?, ?, ?, ?, ?, ?, ?)
2018-05-03 11:54:33.850 [main] DEBUG org.hibernate.SQL - insert into tb_user (address, birthday, create_time, delete_status, description, email, locked, nick_name, password, sex, telephone, update_time, user_name) values (?, ?, ?, ?, ?, ?, ?, ?, ?, ?, ?, ?, ?)
2018-05-03 11:54:33.851 [main] DEBUG org.hibernate.SQL - insert into tb_user (address, birthday, create_time, delete_status, description, email, locked, nick_name, password, sex, telephone, update_time, user_name) values (?, ?, ?, ?, ?, ?, ?, ?, ?, ?, ?, ?, ?)
2018-05-03 11:54:33.853 [main] DEBUG org.hibernate.SQL - insert into tb_user (address, birthday, create_time, delete_status, description, email, locked, nick_name, password, sex, telephone, update_time, user_name) values (?, ?, ?, ?, ?, ?, ?, ?, ?, ?, ?, ?, ?)
2018-05-03 11:54:33.855 [main] DEBUG org.hibernate.SQL - insert into tb_user (address, birthday, create_time, delete_status, description, email, locked, nick_name, password, sex, telephone, update_time, user_name) values (?, ?, ?, ?, ?, ?, ?, ?, ?, ?, ?, ?, ?)
2018-05-03 11:54:33.857 [main] DEBUG org.hibernate.SQL - insert into tb_user (address, birthday, create_time, delete_status, description, email, locked, nick_name, password, sex, telephone, update_time, user_name) values (?, ?, ?, ?, ?, ?, ?, ?, ?, ?, ?, ?, ?)
2018-05-03 11:54:33.859 [main] DEBUG org.hibernate.SQL - insert into tb_user (address, birthday, create_time, delete_status, description, email, locked, nick_name, password, sex, telephone, update_time, user_name) values (?, ?, ?, ?, ?, ?, ?, ?, ?, ?, ?, ?, ?)
2018-05-03 11:54:33.860 [main] DEBUG org.hibernate.SQL - insert into tb_user (address, birthday, create_time, delete_status, description, email, locked, nick_name, password, sex, telephone, update_time, user_name) values (?, ?, ?, ?, ?, ?, ?, ?, ?, ?, ?, ?, ?)
2018-05-03 11:54:33.861 [main] DEBUG org.hibernate.SQL - insert into tb_user (address, birthday, create_time, delete_status, description, email, locked, nick_name, password, sex, telephone, update_time, user_name) values (?, ?, ?, ?, ?, ?, ?, ?, ?, ?, ?, ?, ?)
2018-05-03 11:54:33.862 [main] DEBUG org.hibernate.SQL - insert into tb_user (address, birthday, create_time, delete_status, description, email, locked, nick_name, password, sex, telephone, update_time, user_name) values (?, ?, ?, ?, ?, ?, ?, ?, ?, ?, ?, ?, ?)
2018-05-03 11:54:33.863 [main] DEBUG org.hibernate.SQL - insert into tb_user (address, birthday, create_time, delete_status, description, email, locked, nick_name, password, sex, telephone, update_time, user_name) values (?, ?, ?, ?, ?, ?, ?, ?, ?, ?, ?, ?, ?)
2018-05-03 11:54:33.864 [main] DEBUG org.hibernate.SQL - insert into tb_user (address, birthday, create_time, delete_status, description, email, locked, nick_name, password, sex, telephone, update_time, user_name) values (?, ?, ?, ?, ?, ?, ?, ?, ?, ?, ?, ?, ?)
2018-05-03 11:54:33.864 [main] DEBUG org.hibernate.SQL - insert into tb_user (address, birthday, create_time, delete_status, description, email, locked, nick_name, password, sex, telephone, update_time, user_name) values (?, ?, ?, ?, ?, ?, ?, ?, ?, ?, ?, ?, ?)
2018-05-03 11:54:33.865 [main] DEBUG org.hibernate.SQL - insert into tb_user (address, birthday, create_time, delete_status, description, email, locked, nick_name, password, sex, telephone, update_time, user_name) values (?, ?, ?, ?, ?, ?, ?, ?, ?, ?, ?, ?, ?)
2018-05-03 11:54:33.866 [main] DEBUG org.hibernate.SQL - insert into tb_user (address, birthday, create_time, delete_status, description, email, locked, nick_name, password, sex, telephone, update_time, user_name) values (?, ?, ?, ?, ?, ?, ?, ?, ?, ?, ?, ?, ?)
2018-05-03 11:54:33.867 [main] DEBUG org.hibernate.SQL - insert into tb_user (address, birthday, create_time, delete_status, description, email, locked, nick_name, password, sex, telephone, update_time, user_name) values (?, ?, ?, ?, ?, ?, ?, ?, ?, ?, ?, ?, ?)
2018-05-03 11:54:33.868 [main] DEBUG org.hibernate.SQL - insert into tb_user (address, birthday, create_time, delete_status, description, email, locked, nick_name, password, sex, telephone, update_time, user_name) values (?, ?, ?, ?, ?, ?, ?, ?, ?, ?, ?, ?, ?)
2018-05-03 11:54:33.869 [main] DEBUG org.hibernate.SQL - insert into tb_user (address, birthday, create_time, delete_status, description, email, locked, nick_name, password, sex, telephone, update_time, user_name) values (?, ?, ?, ?, ?, ?, ?, ?, ?, ?, ?, ?, ?)
2018-05-03 11:54:33.870 [main] DEBUG org.hibernate.SQL - insert into tb_user (address, birthday, create_time, delete_status, description, email, locked, nick_name, password, sex, telephone, update_time, user_name) values (?, ?, ?, ?, ?, ?, ?, ?, ?, ?, ?, ?, ?)
2018-05-03 11:54:33.871 [main] DEBUG org.hibernate.SQL - insert into tb_user (address, birthday, create_time, delete_status, description, email, locked, nick_name, password, sex, telephone, update_time, user_name) values (?, ?, ?, ?, ?, ?, ?, ?, ?, ?, ?, ?, ?)
2018-05-03 11:54:33.872 [main] DEBUG org.hibernate.SQL - insert into tb_user (address, birthday, create_time, delete_status, description, email, locked, nick_name, password, sex, telephone, update_time, user_name) values (?, ?, ?, ?, ?, ?, ?, ?, ?, ?, ?, ?, ?)
2018-05-03 11:54:33.873 [main] DEBUG org.hibernate.SQL - insert into tb_user (address, birthday, create_time, delete_status, description, email, locked, nick_name, password, sex, telephone, update_time, user_name) values (?, ?, ?, ?, ?, ?, ?, ?, ?, ?, ?, ?, ?)
2018-05-03 11:54:33.874 [main] DEBUG org.hibernate.SQL - insert into tb_user (address, birthday, create_time, delete_status, description, email, locked, nick_name, password, sex, telephone, update_time, user_name) values (?, ?, ?, ?, ?, ?, ?, ?, ?, ?, ?, ?, ?)
2018-05-03 11:54:33.875 [main] DEBUG org.hibernate.SQL - insert into tb_user (address, birthday, create_time, delete_status, description, email, locked, nick_name, password, sex, telephone, update_time, user_name) values (?, ?, ?, ?, ?, ?, ?, ?, ?, ?, ?, ?, ?)
2018-05-03 11:54:33.876 [main] DEBUG org.hibernate.SQL - insert into tb_user (address, birthday, create_time, delete_status, description, email, locked, nick_name, password, sex, telephone, update_time, user_name) values (?, ?, ?, ?, ?, ?, ?, ?, ?, ?, ?, ?, ?)
2018-05-03 11:54:33.878 [main] DEBUG org.hibernate.SQL - insert into tb_user (address, birthday, create_time, delete_status, description, email, locked, nick_name, password, sex, telephone, update_time, user_name) values (?, ?, ?, ?, ?, ?, ?, ?, ?, ?, ?, ?, ?)
2018-05-03 11:54:33.879 [main] DEBUG org.hibernate.SQL - insert into tb_user (address, birthday, create_time, delete_status, description, email, locked, nick_name, password, sex, telephone, update_time, user_name) values (?, ?, ?, ?, ?, ?, ?, ?, ?, ?, ?, ?, ?)
2018-05-03 11:54:33.880 [main] DEBUG org.hibernate.SQL - insert into tb_user (address, birthday, create_time, delete_status, description, email, locked, nick_name, password, sex, telephone, update_time, user_name) values (?, ?, ?, ?, ?, ?, ?, ?, ?, ?, ?, ?, ?)
2018-05-03 11:54:33.881 [main] DEBUG org.hibernate.SQL - insert into tb_user (address, birthday, create_time, delete_status, description, email, locked, nick_name, password, sex, telephone, update_time, user_name) values (?, ?, ?, ?, ?, ?, ?, ?, ?, ?, ?, ?, ?)
2018-05-03 11:54:33.882 [main] DEBUG org.hibernate.SQL - insert into tb_user (address, birthday, create_time, delete_status, description, email, locked, nick_name, password, sex, telephone, update_time, user_name) values (?, ?, ?, ?, ?, ?, ?, ?, ?, ?, ?, ?, ?)
2018-05-03 11:54:36.116 [main] DEBUG org.hibernate.SQL - insert into t_module (create_comment, create_time, update_comment, update_time, name, project_id, start_time, stat, wish_time) values (?, ?, ?, ?, ?, ?, ?, ?, ?)
2018-05-03 11:54:37.907 [main] DEBUG org.hibernate.SQL - select count(*) as col_0_0_ from t_tache tache0_
2018-05-03 11:54:38.656 [main] DEBUG org.hibernate.SQL - select count(1) as col_0_0_ from t_tache tache0_ cross join t_module module1_ where tache0_.module_id=module1_.id and module1_.stat=0 and (tache0_.stat in (? , ?)) and (tache0_.tache_index in (? , ? , ? , ?))
2018-05-03 11:54:38.785 [main] DEBUG org.hibernate.SQL - select count(1) as col_0_0_ from t_tache tache0_ cross join t_module module1_ where tache0_.module_id=module1_.id and module1_.stat=0 and (tache0_.stat in (? , ?)) and (tache0_.tache_index in (?))
2018-05-03 11:54:38.796 [main] DEBUG org.hibernate.SQL - select count(1) as col_0_0_ from t_tache tache0_ cross join t_module module1_ where tache0_.module_id=module1_.id and module1_.stat=0 and (tache0_.stat in (? , ?)) and (tache0_.tache_index in (? , ?))
2018-05-03 11:54:38.798 [main] DEBUG org.hibernate.SQL - select count(1) as col_0_0_ from t_tache tache0_ cross join t_module module1_ where tache0_.module_id=module1_.id and module1_.stat=0 and (tache0_.stat in (? , ?)) and (tache0_.tache_index in (?))
2018-05-03 11:54:38.800 [main] DEBUG org.hibernate.SQL - select count(1) as col_0_0_ from t_tache tache0_ cross join t_module module1_ where tache0_.module_id=module1_.id and module1_.stat=0 and (tache0_.stat in (? , ?)) and (tache0_.tache_index in (? , ?))
2018-05-03 11:54:38.802 [main] DEBUG org.hibernate.SQL - select count(1) as col_0_0_ from t_tache tache0_ cross join t_module module1_ where tache0_.module_id=module1_.id and module1_.stat=0 and (tache0_.stat in (? , ?)) and (tache0_.tache_index in (? , ?))
2018-05-03 11:54:38.810 [main] DEBUG org.hibernate.SQL - select count(1) as col_0_0_ from t_tache tache0_ cross join t_module module1_ where tache0_.module_id=module1_.id and module1_.stat=0 and (tache0_.stat in (?)) and (tache0_.tache_index in (? , ? , ? , ? , ? , ? , ? , ? , ? , ? , ? , ?))
2018-05-03 11:54:39.030 [main] DEBUG org.hibernate.SQL - select tache0_.id as id1_3_, tache0_.create_comment as create_c2_3_, tache0_.create_time as create_t3_3_, tache0_.update_comment as update_c4_3_, tache0_.update_time as update_t5_3_, tache0_.archive_time as archive_6_3_, tache0_.module_id as module_14_3_, tache0_.name as name7_3_, tache0_.plan_begin_time as plan_beg8_3_, tache0_.plan_end_time as plan_end9_3_, tache0_.real_begin_time as real_be10_3_, tache0_.real_end_time as real_en11_3_, tache0_.stat as stat12_3_, tache0_.tache_index as tache_i13_3_, tache0_.user_id as user_id15_3_ from t_tache tache0_ where 1=1 limit ?
2018-05-03 11:54:39.090 [main] DEBUG org.hibernate.SQL - select module0_.id as id1_0_, module0_.create_comment as create_c2_0_, module0_.create_time as create_t3_0_, module0_.update_comment as update_c4_0_, module0_.update_time as update_t5_0_, module0_.name as name6_0_, module0_.project_id as project10_0_, module0_.start_time as start_ti7_0_, module0_.stat as stat8_0_, module0_.wish_time as wish_tim9_0_ from t_module module0_ limit ?
2018-05-03 11:54:39.096 [Thread-2] DEBUG com.project.plan.config.listener.ApplicationEventListener - 应用关闭
2018-05-03 11:54:39.207 [Thread-2] INFO  com.alibaba.druid.pool.DruidDataSource - {dataSource-1} closed
